2023-10-30 11:34:55,850 [main.py         | 48] INFO: Start to run instance_10
2023-10-30 11:34:55,851 [simulate_api.py | 60] INFO: Start time of the simulator: 2023-10-30 00:00:00, time interval:  600.00
2023-10-30 11:34:55,862 [input_utils.py  | 48] INFO: Get 154 factories
2023-10-30 11:34:56,856 [input_utils.py  | 52] INFO: Get 23562 routes
2023-10-30 11:34:56,893 [input_utils.py  | 57] INFO: Get 5 vehicles
2023-10-30 11:34:56,905 [input_utils.py  | 61] INFO: Get 100 orders
2023-10-30 11:34:56,906 [simulate_api.py | 87] INFO: Initial position of V_1 is e2d5093fbe36431f8986ddb0e1c586be
2023-10-30 11:34:56,906 [simulate_api.py | 87] INFO: Initial position of V_2 is 7fe14b93f0f04ee7a994ef5b2c1fdb72
2023-10-30 11:34:56,907 [simulate_api.py | 87] INFO: Initial position of V_3 is fa366fc87a124d32926daa5bb093129f
2023-10-30 11:34:56,907 [simulate_api.py | 87] INFO: Initial position of V_4 is e47399648fa842b2b8f80094343d8091
2023-10-30 11:34:56,907 [simulate_api.py | 87] INFO: Initial position of V_5 is becb4f85393540b287e7329758b8d832
2023-10-30 11:34:56,908 [simulate_environment.py | 99] INFO: **************************************************
2023-10-30 11:34:56,909 [simulate_environment.py | 103] INFO: cur time: 2023-10-30 00:10:00, pre time: 2023-10-30 00:00:00
2023-10-30 11:34:56,909 [simulate_environment.py | 140] INFO: Start to update the input of 2023-10-30 00:10:00
2023-10-30 11:34:56,910 [simulate_environment.py | 167] INFO: Get 0 unallocated order items, 0 ongoing order items, 0 completed order items
2023-10-30 11:34:57,611 [simulate_environment.py | 253] INFO: 2023-10-30 00:10:00, Item 0010370001-1: state = 0 < 2, we can not finish the simulation
2023-10-30 11:34:57,612 [simulate_environment.py | 99] INFO: **************************************************
2023-10-30 11:34:57,612 [simulate_environment.py | 103] INFO: cur time: 2023-10-30 00:20:00, pre time: 2023-10-30 00:10:00
2023-10-30 11:34:57,613 [simulate_environment.py | 140] INFO: Start to update the input of 2023-10-30 00:20:00
2023-10-30 11:34:57,614 [simulate_environment.py | 167] INFO: Get 4 unallocated order items, 0 ongoing order items, 0 completed order items
2023-10-30 11:34:58,245 [simulate_environment.py | 253] INFO: 2023-10-30 00:20:00, Item 0010370001-1: state = 1 < 2, we can not finish the simulation
2023-10-30 11:34:58,245 [simulate_environment.py | 99] INFO: **************************************************
2023-10-30 11:34:58,246 [simulate_environment.py | 103] INFO: cur time: 2023-10-30 00:30:00, pre time: 2023-10-30 00:20:00
2023-10-30 11:34:58,246 [simulate_environment.py | 140] INFO: Start to update the input of 2023-10-30 00:30:00
2023-10-30 11:34:58,258 [simulate_environment.py | 167] INFO: Get 1 unallocated order items, 3 ongoing order items, 0 completed order items
2023-10-30 11:34:58,887 [simulate_environment.py | 253] INFO: 2023-10-30 00:30:00, Item 0010370001-1: state = 1 < 2, we can not finish the simulation
2023-10-30 11:34:58,888 [simulate_environment.py | 99] INFO: **************************************************
2023-10-30 11:34:58,888 [simulate_environment.py | 103] INFO: cur time: 2023-10-30 00:40:00, pre time: 2023-10-30 00:30:00
2023-10-30 11:34:58,889 [simulate_environment.py | 140] INFO: Start to update the input of 2023-10-30 00:40:00
2023-10-30 11:34:58,899 [simulate_environment.py | 167] INFO: Get 1 unallocated order items, 3 ongoing order items, 0 completed order items
2023-10-30 11:34:59,623 [simulate_environment.py | 253] INFO: 2023-10-30 00:40:00, Item 0010370001-1: state = 1 < 2, we can not finish the simulation
2023-10-30 11:34:59,624 [simulate_environment.py | 99] INFO: **************************************************
2023-10-30 11:34:59,624 [simulate_environment.py | 103] INFO: cur time: 2023-10-30 00:50:00, pre time: 2023-10-30 00:40:00
2023-10-30 11:34:59,625 [simulate_environment.py | 140] INFO: Start to update the input of 2023-10-30 00:50:00
2023-10-30 11:34:59,633 [simulate_environment.py | 167] INFO: Get 1 unallocated order items, 3 ongoing order items, 0 completed order items
2023-10-30 11:35:00,479 [simulate_environment.py | 253] INFO: 2023-10-30 00:50:00, Item 0010370001-1: state = 1 < 2, we can not finish the simulation
2023-10-30 11:35:00,479 [simulate_environment.py | 99] INFO: **************************************************
2023-10-30 11:35:00,479 [simulate_environment.py | 103] INFO: cur time: 2023-10-30 01:00:00, pre time: 2023-10-30 00:50:00
2023-10-30 11:35:00,480 [simulate_environment.py | 140] INFO: Start to update the input of 2023-10-30 01:00:00
2023-10-30 11:35:00,492 [simulate_environment.py | 167] INFO: Get 1 unallocated order items, 3 ongoing order items, 0 completed order items
2023-10-30 11:35:01,177 [simulate_environment.py | 253] INFO: 2023-10-30 01:00:00, Item 0010370001-1: state = 1 < 2, we can not finish the simulation
2023-10-30 11:35:01,178 [simulate_environment.py | 99] INFO: **************************************************
2023-10-30 11:35:01,178 [simulate_environment.py | 103] INFO: cur time: 2023-10-30 01:10:00, pre time: 2023-10-30 01:00:00
2023-10-30 11:35:01,178 [simulate_environment.py | 140] INFO: Start to update the input of 2023-10-30 01:10:00
2023-10-30 11:35:01,180 [simulate_environment.py | 167] INFO: Get 1 unallocated order items, 0 ongoing order items, 3 completed order items
2023-10-30 11:35:01,816 [simulate_environment.py | 253] INFO: 2023-10-30 01:10:00, Item 0010370001-1: state = 1 < 2, we can not finish the simulation
2023-10-30 11:35:01,817 [simulate_environment.py | 99] INFO: **************************************************
2023-10-30 11:35:01,817 [simulate_environment.py | 103] INFO: cur time: 2023-10-30 01:20:00, pre time: 2023-10-30 01:10:00
2023-10-30 11:35:01,818 [simulate_environment.py | 140] INFO: Start to update the input of 2023-10-30 01:20:00
2023-10-30 11:35:01,820 [simulate_environment.py | 167] INFO: Get 1 unallocated order items, 0 ongoing order items, 3 completed order items
