2023-11-03 10:00:40,089 [main.py         | 48] INFO: Start to run instance_10
2023-11-03 10:00:40,090 [simulate_api.py | 60] INFO: Start time of the simulator: 2023-11-03 00:00:00, time interval:  600.00
2023-11-03 10:00:40,099 [input_utils.py  | 47] INFO: Get 154 factories
2023-11-03 10:00:41,119 [input_utils.py  | 51] INFO: Get 23562 routes
2023-11-03 10:00:41,162 [input_utils.py  | 56] INFO: Get 5 vehicles
2023-11-03 10:00:41,173 [input_utils.py  | 60] INFO: Get 100 orders
2023-11-03 10:00:41,173 [simulate_api.py | 87] INFO: Initial position of V_1 is e2d5093fbe36431f8986ddb0e1c586be
2023-11-03 10:00:41,174 [simulate_api.py | 87] INFO: Initial position of V_2 is 7fe14b93f0f04ee7a994ef5b2c1fdb72
2023-11-03 10:00:41,174 [simulate_api.py | 87] INFO: Initial position of V_3 is fa366fc87a124d32926daa5bb093129f
2023-11-03 10:00:41,175 [simulate_api.py | 87] INFO: Initial position of V_4 is e47399648fa842b2b8f80094343d8091
2023-11-03 10:00:41,175 [simulate_api.py | 87] INFO: Initial position of V_5 is becb4f85393540b287e7329758b8d832
2023-11-03 10:00:41,176 [simulate_environment.py | 99] INFO: **************************************************
2023-11-03 10:00:41,176 [simulate_environment.py | 103] INFO: cur time: 2023-11-03 00:10:00, pre time: 2023-11-03 00:00:00
2023-11-03 10:00:41,176 [simulate_environment.py | 141] INFO: Start to update the input of 2023-11-03 00:10:00
2023-11-03 10:00:41,177 [simulate_environment.py | 168] INFO: Get 0 unallocated order items, 0 ongoing order items, 0 completed order items
2023-11-03 10:00:42,890 [simulate_environment.py | 254] INFO: 2023-11-03 00:10:00, Item 0010370001-1: state = 0 < 2, we can not finish the simulation
2023-11-03 10:00:42,891 [evaluator.py    | 62] INFO: Traveling Distance of Vehicle V_1 is  0.000, visited node list: 2
2023-11-03 10:00:42,892 [evaluator.py    | 62] INFO: Traveling Distance of Vehicle V_2 is  0.000, visited node list: 2
2023-11-03 10:00:42,893 [evaluator.py    | 62] INFO: Traveling Distance of Vehicle V_3 is  0.000, visited node list: 2
2023-11-03 10:00:42,894 [evaluator.py    | 62] INFO: Traveling Distance of Vehicle V_4 is  0.000, visited node list: 2
2023-11-03 10:00:42,894 [evaluator.py    | 62] INFO: Traveling Distance of Vehicle V_5 is  0.000, visited node list: 2
2023-11-03 10:00:42,895 [simulate_environment.py | 99] INFO: **************************************************
2023-11-03 10:00:42,895 [simulate_environment.py | 103] INFO: cur time: 2023-11-03 00:20:00, pre time: 2023-11-03 00:10:00
2023-11-03 10:00:42,896 [simulate_environment.py | 141] INFO: Start to update the input of 2023-11-03 00:20:00
2023-11-03 10:00:42,897 [simulate_environment.py | 168] INFO: Get 4 unallocated order items, 0 ongoing order items, 0 completed order items
2023-11-03 10:00:44,563 [simulate_environment.py | 254] INFO: 2023-11-03 00:20:00, Item 0010370001-1: state = 1 < 2, we can not finish the simulation
2023-11-03 10:00:44,563 [evaluator.py    | 62] INFO: Traveling Distance of Vehicle V_1 is  0.000, visited node list: 3
2023-11-03 10:00:44,564 [evaluator.py    | 62] INFO: Traveling Distance of Vehicle V_2 is  0.000, visited node list: 3
2023-11-03 10:00:44,564 [evaluator.py    | 62] INFO: Traveling Distance of Vehicle V_3 is  0.000, visited node list: 3
2023-11-03 10:00:44,565 [evaluator.py    | 62] INFO: Traveling Distance of Vehicle V_4 is  0.000, visited node list: 3
2023-11-03 10:00:44,565 [evaluator.py    | 62] INFO: Traveling Distance of Vehicle V_5 is  0.000, visited node list: 3
2023-11-03 10:00:44,566 [simulate_environment.py | 99] INFO: **************************************************
2023-11-03 10:00:44,566 [simulate_environment.py | 103] INFO: cur time: 2023-11-03 00:30:00, pre time: 2023-11-03 00:20:00
2023-11-03 10:00:44,566 [simulate_environment.py | 141] INFO: Start to update the input of 2023-11-03 00:30:00
2023-11-03 10:00:44,567 [simulate_environment.py | 168] INFO: Get 4 unallocated order items, 0 ongoing order items, 0 completed order items
2023-11-03 10:00:46,201 [simulate_environment.py | 254] INFO: 2023-11-03 00:30:00, Item 0010370001-1: state = 1 < 2, we can not finish the simulation
2023-11-03 10:00:46,202 [evaluator.py    | 62] INFO: Traveling Distance of Vehicle V_1 is  0.000, visited node list: 4
2023-11-03 10:00:46,202 [evaluator.py    | 62] INFO: Traveling Distance of Vehicle V_2 is  0.000, visited node list: 4
2023-11-03 10:00:46,203 [evaluator.py    | 62] INFO: Traveling Distance of Vehicle V_3 is  0.000, visited node list: 4
2023-11-03 10:00:46,203 [evaluator.py    | 62] INFO: Traveling Distance of Vehicle V_4 is  0.000, visited node list: 4
2023-11-03 10:00:46,204 [evaluator.py    | 62] INFO: Traveling Distance of Vehicle V_5 is  0.000, visited node list: 4
2023-11-03 10:00:46,204 [simulate_environment.py | 99] INFO: **************************************************
2023-11-03 10:00:46,205 [simulate_environment.py | 103] INFO: cur time: 2023-11-03 00:40:00, pre time: 2023-11-03 00:30:00
2023-11-03 10:00:46,205 [simulate_environment.py | 141] INFO: Start to update the input of 2023-11-03 00:40:00
2023-11-03 10:00:46,206 [simulate_environment.py | 168] INFO: Get 4 unallocated order items, 0 ongoing order items, 0 completed order items
2023-11-03 10:00:47,964 [simulate_environment.py | 254] INFO: 2023-11-03 00:40:00, Item 0010370001-1: state = 1 < 2, we can not finish the simulation
2023-11-03 10:00:47,964 [evaluator.py    | 62] INFO: Traveling Distance of Vehicle V_1 is  0.000, visited node list: 5
2023-11-03 10:00:47,965 [evaluator.py    | 62] INFO: Traveling Distance of Vehicle V_2 is  0.000, visited node list: 5
2023-11-03 10:00:47,966 [evaluator.py    | 62] INFO: Traveling Distance of Vehicle V_3 is  0.000, visited node list: 5
2023-11-03 10:00:47,966 [evaluator.py    | 62] INFO: Traveling Distance of Vehicle V_4 is  0.000, visited node list: 5
2023-11-03 10:00:47,967 [evaluator.py    | 62] INFO: Traveling Distance of Vehicle V_5 is  0.000, visited node list: 5
2023-11-03 10:00:47,968 [simulate_environment.py | 99] INFO: **************************************************
2023-11-03 10:00:47,968 [simulate_environment.py | 103] INFO: cur time: 2023-11-03 00:50:00, pre time: 2023-11-03 00:40:00
2023-11-03 10:00:47,969 [simulate_environment.py | 141] INFO: Start to update the input of 2023-11-03 00:50:00
2023-11-03 10:00:47,970 [simulate_environment.py | 168] INFO: Get 4 unallocated order items, 0 ongoing order items, 0 completed order items
2023-11-03 10:00:49,705 [simulate_environment.py | 254] INFO: 2023-11-03 00:50:00, Item 0010370001-1: state = 1 < 2, we can not finish the simulation
2023-11-03 10:00:49,706 [evaluator.py    | 62] INFO: Traveling Distance of Vehicle V_1 is  0.000, visited node list: 6
2023-11-03 10:00:49,706 [evaluator.py    | 62] INFO: Traveling Distance of Vehicle V_2 is  0.000, visited node list: 6
2023-11-03 10:00:49,707 [evaluator.py    | 62] INFO: Traveling Distance of Vehicle V_3 is  0.000, visited node list: 6
2023-11-03 10:00:49,708 [evaluator.py    | 62] INFO: Traveling Distance of Vehicle V_4 is  0.000, visited node list: 6
2023-11-03 10:00:49,708 [evaluator.py    | 62] INFO: Traveling Distance of Vehicle V_5 is  0.000, visited node list: 6
2023-11-03 10:00:49,709 [simulate_environment.py | 99] INFO: **************************************************
2023-11-03 10:00:49,709 [simulate_environment.py | 103] INFO: cur time: 2023-11-03 01:00:00, pre time: 2023-11-03 00:50:00
2023-11-03 10:00:49,709 [simulate_environment.py | 141] INFO: Start to update the input of 2023-11-03 01:00:00
2023-11-03 10:00:49,710 [simulate_environment.py | 168] INFO: Get 4 unallocated order items, 0 ongoing order items, 0 completed order items
2023-11-03 10:00:51,468 [simulate_environment.py | 254] INFO: 2023-11-03 01:00:00, Item 0010370001-1: state = 1 < 2, we can not finish the simulation
2023-11-03 10:00:51,469 [evaluator.py    | 62] INFO: Traveling Distance of Vehicle V_1 is  0.000, visited node list: 7
2023-11-03 10:00:51,469 [evaluator.py    | 62] INFO: Traveling Distance of Vehicle V_2 is  0.000, visited node list: 7
2023-11-03 10:00:51,469 [evaluator.py    | 62] INFO: Traveling Distance of Vehicle V_3 is  0.000, visited node list: 7
2023-11-03 10:00:51,470 [evaluator.py    | 62] INFO: Traveling Distance of Vehicle V_4 is  0.000, visited node list: 7
2023-11-03 10:00:51,471 [evaluator.py    | 62] INFO: Traveling Distance of Vehicle V_5 is  0.000, visited node list: 7
2023-11-03 10:00:51,471 [simulate_environment.py | 99] INFO: **************************************************
2023-11-03 10:00:51,471 [simulate_environment.py | 103] INFO: cur time: 2023-11-03 01:10:00, pre time: 2023-11-03 01:00:00
2023-11-03 10:00:51,472 [simulate_environment.py | 141] INFO: Start to update the input of 2023-11-03 01:10:00
2023-11-03 10:00:51,473 [simulate_environment.py | 168] INFO: Get 4 unallocated order items, 0 ongoing order items, 0 completed order items
2023-11-03 10:00:53,091 [simulate_environment.py | 254] INFO: 2023-11-03 01:10:00, Item 0010370001-1: state = 1 < 2, we can not finish the simulation
2023-11-03 10:00:53,092 [evaluator.py    | 62] INFO: Traveling Distance of Vehicle V_1 is  0.000, visited node list: 8
2023-11-03 10:00:53,093 [evaluator.py    | 62] INFO: Traveling Distance of Vehicle V_2 is  0.000, visited node list: 8
2023-11-03 10:00:53,093 [evaluator.py    | 62] INFO: Traveling Distance of Vehicle V_3 is  0.000, visited node list: 8
2023-11-03 10:00:53,094 [evaluator.py    | 62] INFO: Traveling Distance of Vehicle V_4 is  0.000, visited node list: 8
2023-11-03 10:00:53,094 [evaluator.py    | 62] INFO: Traveling Distance of Vehicle V_5 is  0.000, visited node list: 8
2023-11-03 10:00:53,095 [simulate_environment.py | 99] INFO: **************************************************
2023-11-03 10:00:53,095 [simulate_environment.py | 103] INFO: cur time: 2023-11-03 01:20:00, pre time: 2023-11-03 01:10:00
2023-11-03 10:00:53,095 [simulate_environment.py | 141] INFO: Start to update the input of 2023-11-03 01:20:00
2023-11-03 10:00:53,096 [simulate_environment.py | 168] INFO: Get 4 unallocated order items, 0 ongoing order items, 0 completed order items
2023-11-03 10:00:54,727 [simulate_environment.py | 254] INFO: 2023-11-03 01:20:00, Item 0010370001-1: state = 1 < 2, we can not finish the simulation
2023-11-03 10:00:54,728 [evaluator.py    | 62] INFO: Traveling Distance of Vehicle V_1 is  0.000, visited node list: 9
2023-11-03 10:00:54,729 [evaluator.py    | 62] INFO: Traveling Distance of Vehicle V_2 is  0.000, visited node list: 9
2023-11-03 10:00:54,729 [evaluator.py    | 62] INFO: Traveling Distance of Vehicle V_3 is  0.000, visited node list: 9
2023-11-03 10:00:54,730 [evaluator.py    | 62] INFO: Traveling Distance of Vehicle V_4 is  0.000, visited node list: 9
2023-11-03 10:00:54,731 [evaluator.py    | 62] INFO: Traveling Distance of Vehicle V_5 is  0.000, visited node list: 9
2023-11-03 10:00:54,731 [simulate_environment.py | 99] INFO: **************************************************
2023-11-03 10:00:54,731 [simulate_environment.py | 103] INFO: cur time: 2023-11-03 01:30:00, pre time: 2023-11-03 01:20:00
2023-11-03 10:00:54,732 [simulate_environment.py | 141] INFO: Start to update the input of 2023-11-03 01:30:00
2023-11-03 10:00:54,733 [simulate_environment.py | 168] INFO: Get 4 unallocated order items, 0 ongoing order items, 0 completed order items
