2023-11-03 08:39:40,574 [main.py         | 48] INFO: Start to run instance_10
2023-11-03 08:39:40,574 [simulate_api.py | 60] INFO: Start time of the simulator: 2023-11-03 00:00:00, time interval:  600.00
2023-11-03 08:39:40,611 [input_utils.py  | 47] INFO: Get 154 factories
2023-11-03 08:39:42,247 [input_utils.py  | 51] INFO: Get 23562 routes
2023-11-03 08:39:42,323 [input_utils.py  | 56] INFO: Get 5 vehicles
2023-11-03 08:39:42,352 [input_utils.py  | 60] INFO: Get 100 orders
2023-11-03 08:39:42,352 [simulate_api.py | 87] INFO: Initial position of V_1 is e2d5093fbe36431f8986ddb0e1c586be
2023-11-03 08:39:42,352 [simulate_api.py | 87] INFO: Initial position of V_2 is 7fe14b93f0f04ee7a994ef5b2c1fdb72
2023-11-03 08:39:42,352 [simulate_api.py | 87] INFO: Initial position of V_3 is fa366fc87a124d32926daa5bb093129f
2023-11-03 08:39:42,352 [simulate_api.py | 87] INFO: Initial position of V_4 is e47399648fa842b2b8f80094343d8091
2023-11-03 08:39:42,352 [simulate_api.py | 87] INFO: Initial position of V_5 is becb4f85393540b287e7329758b8d832
2023-11-03 08:39:42,352 [simulate_environment.py | 99] INFO: **************************************************
2023-11-03 08:39:42,352 [simulate_environment.py | 103] INFO: cur time: 2023-11-03 00:10:00, pre time: 2023-11-03 00:00:00
2023-11-03 08:39:42,352 [simulate_environment.py | 140] INFO: Start to update the input of 2023-11-03 00:10:00
2023-11-03 08:39:42,360 [simulate_environment.py | 167] INFO: Get 0 unallocated order items, 0 ongoing order items, 0 completed order items
2023-11-03 08:39:44,979 [simulate_environment.py | 253] INFO: 2023-11-03 00:10:00, Item 0010370001-1: state = 0 < 2, we can not finish the simulation
2023-11-03 08:39:44,979 [simulate_environment.py | 99] INFO: **************************************************
2023-11-03 08:39:44,979 [simulate_environment.py | 103] INFO: cur time: 2023-11-03 00:20:00, pre time: 2023-11-03 00:10:00
2023-11-03 08:39:44,979 [simulate_environment.py | 140] INFO: Start to update the input of 2023-11-03 00:20:00
2023-11-03 08:39:44,991 [simulate_environment.py | 167] INFO: Get 4 unallocated order items, 0 ongoing order items, 0 completed order items
2023-11-03 08:39:47,617 [simulate_environment.py | 253] INFO: 2023-11-03 00:20:00, Item 0010370001-1: state = 1 < 2, we can not finish the simulation
2023-11-03 08:39:47,617 [simulate_environment.py | 99] INFO: **************************************************
2023-11-03 08:39:47,617 [simulate_environment.py | 103] INFO: cur time: 2023-11-03 00:30:00, pre time: 2023-11-03 00:20:00
2023-11-03 08:39:47,617 [simulate_environment.py | 140] INFO: Start to update the input of 2023-11-03 00:30:00
2023-11-03 08:39:47,621 [simulate_environment.py | 167] INFO: Get 4 unallocated order items, 0 ongoing order items, 0 completed order items
2023-11-03 08:39:50,106 [simulate_environment.py | 253] INFO: 2023-11-03 00:30:00, Item 0010370001-1: state = 1 < 2, we can not finish the simulation
2023-11-03 08:39:50,106 [simulate_environment.py | 99] INFO: **************************************************
2023-11-03 08:39:50,106 [simulate_environment.py | 103] INFO: cur time: 2023-11-03 00:40:00, pre time: 2023-11-03 00:30:00
2023-11-03 08:39:50,106 [simulate_environment.py | 140] INFO: Start to update the input of 2023-11-03 00:40:00
2023-11-03 08:39:50,106 [simulate_environment.py | 167] INFO: Get 4 unallocated order items, 0 ongoing order items, 0 completed order items
2023-11-03 08:39:51,899 [simulate_environment.py | 253] INFO: 2023-11-03 00:40:00, Item 0010370001-1: state = 1 < 2, we can not finish the simulation
2023-11-03 08:39:51,899 [simulate_environment.py | 99] INFO: **************************************************
2023-11-03 08:39:51,899 [simulate_environment.py | 103] INFO: cur time: 2023-11-03 00:50:00, pre time: 2023-11-03 00:40:00
2023-11-03 08:39:51,899 [simulate_environment.py | 140] INFO: Start to update the input of 2023-11-03 00:50:00
2023-11-03 08:39:51,907 [simulate_environment.py | 167] INFO: Get 4 unallocated order items, 0 ongoing order items, 0 completed order items
2023-11-03 08:39:53,765 [simulate_environment.py | 253] INFO: 2023-11-03 00:50:00, Item 0010370001-1: state = 1 < 2, we can not finish the simulation
2023-11-03 08:39:53,765 [simulate_environment.py | 99] INFO: **************************************************
2023-11-03 08:39:53,765 [simulate_environment.py | 103] INFO: cur time: 2023-11-03 01:00:00, pre time: 2023-11-03 00:50:00
2023-11-03 08:39:53,765 [simulate_environment.py | 140] INFO: Start to update the input of 2023-11-03 01:00:00
2023-11-03 08:39:53,773 [simulate_environment.py | 167] INFO: Get 4 unallocated order items, 0 ongoing order items, 0 completed order items
2023-11-03 08:39:55,659 [simulate_environment.py | 253] INFO: 2023-11-03 01:00:00, Item 0010370001-1: state = 1 < 2, we can not finish the simulation
2023-11-03 08:39:55,659 [simulate_environment.py | 99] INFO: **************************************************
2023-11-03 08:39:55,659 [simulate_environment.py | 103] INFO: cur time: 2023-11-03 01:10:00, pre time: 2023-11-03 01:00:00
2023-11-03 08:39:55,659 [simulate_environment.py | 140] INFO: Start to update the input of 2023-11-03 01:10:00
2023-11-03 08:39:55,659 [simulate_environment.py | 167] INFO: Get 4 unallocated order items, 0 ongoing order items, 0 completed order items
2023-11-03 08:39:57,586 [simulate_environment.py | 253] INFO: 2023-11-03 01:10:00, Item 0010370001-1: state = 1 < 2, we can not finish the simulation
2023-11-03 08:39:57,586 [simulate_environment.py | 99] INFO: **************************************************
2023-11-03 08:39:57,586 [simulate_environment.py | 103] INFO: cur time: 2023-11-03 01:20:00, pre time: 2023-11-03 01:10:00
2023-11-03 08:39:57,586 [simulate_environment.py | 140] INFO: Start to update the input of 2023-11-03 01:20:00
2023-11-03 08:39:57,586 [simulate_environment.py | 167] INFO: Get 4 unallocated order items, 0 ongoing order items, 0 completed order items
2023-11-03 08:39:59,409 [simulate_environment.py | 253] INFO: 2023-11-03 01:20:00, Item 0010370001-1: state = 1 < 2, we can not finish the simulation
2023-11-03 08:39:59,409 [simulate_environment.py | 99] INFO: **************************************************
2023-11-03 08:39:59,409 [simulate_environment.py | 103] INFO: cur time: 2023-11-03 01:30:00, pre time: 2023-11-03 01:20:00
2023-11-03 08:39:59,409 [simulate_environment.py | 140] INFO: Start to update the input of 2023-11-03 01:30:00
2023-11-03 08:39:59,421 [simulate_environment.py | 167] INFO: Get 4 unallocated order items, 0 ongoing order items, 0 completed order items
2023-11-03 08:40:01,256 [simulate_environment.py | 253] INFO: 2023-11-03 01:30:00, Item 0010370001-1: state = 1 < 2, we can not finish the simulation
2023-11-03 08:40:01,256 [simulate_environment.py | 99] INFO: **************************************************
2023-11-03 08:40:01,256 [simulate_environment.py | 103] INFO: cur time: 2023-11-03 01:40:00, pre time: 2023-11-03 01:30:00
2023-11-03 08:40:01,256 [simulate_environment.py | 140] INFO: Start to update the input of 2023-11-03 01:40:00
2023-11-03 08:40:01,256 [simulate_environment.py | 167] INFO: Get 4 unallocated order items, 0 ongoing order items, 0 completed order items
2023-11-03 08:40:02,914 [simulate_environment.py | 253] INFO: 2023-11-03 01:40:00, Item 0010370001-1: state = 1 < 2, we can not finish the simulation
2023-11-03 08:40:02,914 [simulate_environment.py | 99] INFO: **************************************************
2023-11-03 08:40:02,914 [simulate_environment.py | 103] INFO: cur time: 2023-11-03 01:50:00, pre time: 2023-11-03 01:40:00
2023-11-03 08:40:02,914 [simulate_environment.py | 140] INFO: Start to update the input of 2023-11-03 01:50:00
2023-11-03 08:40:02,920 [simulate_environment.py | 167] INFO: Get 4 unallocated order items, 0 ongoing order items, 0 completed order items
2023-11-03 08:40:04,558 [simulate_environment.py | 253] INFO: 2023-11-03 01:50:00, Item 0010370001-1: state = 1 < 2, we can not finish the simulation
2023-11-03 08:40:04,558 [simulate_environment.py | 99] INFO: **************************************************
2023-11-03 08:40:04,558 [simulate_environment.py | 103] INFO: cur time: 2023-11-03 02:00:00, pre time: 2023-11-03 01:50:00
2023-11-03 08:40:04,558 [simulate_environment.py | 140] INFO: Start to update the input of 2023-11-03 02:00:00
2023-11-03 08:40:04,558 [simulate_environment.py | 167] INFO: Get 4 unallocated order items, 0 ongoing order items, 0 completed order items
2023-11-03 08:40:06,360 [simulate_environment.py | 253] INFO: 2023-11-03 02:00:00, Item 0010370001-1: state = 1 < 2, we can not finish the simulation
2023-11-03 08:40:06,360 [simulate_environment.py | 99] INFO: **************************************************
2023-11-03 08:40:06,360 [simulate_environment.py | 103] INFO: cur time: 2023-11-03 02:10:00, pre time: 2023-11-03 02:00:00
2023-11-03 08:40:06,360 [simulate_environment.py | 140] INFO: Start to update the input of 2023-11-03 02:10:00
2023-11-03 08:40:06,360 [simulate_environment.py | 167] INFO: Get 4 unallocated order items, 0 ongoing order items, 0 completed order items
2023-11-03 08:40:07,968 [simulate_environment.py | 253] INFO: 2023-11-03 02:10:00, Item 0010370001-1: state = 1 < 2, we can not finish the simulation
2023-11-03 08:40:07,968 [simulate_environment.py | 99] INFO: **************************************************
2023-11-03 08:40:07,968 [simulate_environment.py | 103] INFO: cur time: 2023-11-03 02:20:00, pre time: 2023-11-03 02:10:00
2023-11-03 08:40:07,968 [simulate_environment.py | 140] INFO: Start to update the input of 2023-11-03 02:20:00
2023-11-03 08:40:07,982 [simulate_environment.py | 167] INFO: Get 4 unallocated order items, 0 ongoing order items, 0 completed order items
2023-11-03 08:40:09,618 [simulate_environment.py | 253] INFO: 2023-11-03 02:20:00, Item 0010370001-1: state = 1 < 2, we can not finish the simulation
2023-11-03 08:40:09,618 [simulate_environment.py | 99] INFO: **************************************************
2023-11-03 08:40:09,618 [simulate_environment.py | 103] INFO: cur time: 2023-11-03 02:30:00, pre time: 2023-11-03 02:20:00
2023-11-03 08:40:09,618 [simulate_environment.py | 140] INFO: Start to update the input of 2023-11-03 02:30:00
2023-11-03 08:40:09,626 [simulate_environment.py | 167] INFO: Get 5 unallocated order items, 0 ongoing order items, 0 completed order items
2023-11-03 08:40:11,305 [simulate_environment.py | 253] INFO: 2023-11-03 02:30:00, Item 0010370001-1: state = 1 < 2, we can not finish the simulation
2023-11-03 08:40:11,305 [simulate_environment.py | 99] INFO: **************************************************
2023-11-03 08:40:11,305 [simulate_environment.py | 103] INFO: cur time: 2023-11-03 02:40:00, pre time: 2023-11-03 02:30:00
2023-11-03 08:40:11,305 [simulate_environment.py | 140] INFO: Start to update the input of 2023-11-03 02:40:00
2023-11-03 08:40:11,305 [simulate_environment.py | 167] INFO: Get 5 unallocated order items, 0 ongoing order items, 0 completed order items
2023-11-03 08:40:12,954 [simulate_environment.py | 253] INFO: 2023-11-03 02:40:00, Item 0010370001-1: state = 1 < 2, we can not finish the simulation
2023-11-03 08:40:12,954 [simulate_environment.py | 99] INFO: **************************************************
2023-11-03 08:40:12,954 [simulate_environment.py | 103] INFO: cur time: 2023-11-03 02:50:00, pre time: 2023-11-03 02:40:00
2023-11-03 08:40:12,958 [simulate_environment.py | 140] INFO: Start to update the input of 2023-11-03 02:50:00
2023-11-03 08:40:12,958 [simulate_environment.py | 167] INFO: Get 5 unallocated order items, 0 ongoing order items, 0 completed order items
2023-11-03 08:40:14,645 [simulate_environment.py | 253] INFO: 2023-11-03 02:50:00, Item 0010370001-1: state = 1 < 2, we can not finish the simulation
2023-11-03 08:40:14,645 [simulate_environment.py | 99] INFO: **************************************************
2023-11-03 08:40:14,645 [simulate_environment.py | 103] INFO: cur time: 2023-11-03 03:00:00, pre time: 2023-11-03 02:50:00
2023-11-03 08:40:14,645 [simulate_environment.py | 140] INFO: Start to update the input of 2023-11-03 03:00:00
2023-11-03 08:40:14,661 [simulate_environment.py | 167] INFO: Get 2 unallocated order items, 3 ongoing order items, 0 completed order items
2023-11-03 08:40:16,400 [simulate_environment.py | 253] INFO: 2023-11-03 03:00:00, Item 0010370001-1: state = 1 < 2, we can not finish the simulation
2023-11-03 08:40:16,416 [simulate_environment.py | 99] INFO: **************************************************
2023-11-03 08:40:16,416 [simulate_environment.py | 103] INFO: cur time: 2023-11-03 03:10:00, pre time: 2023-11-03 03:00:00
2023-11-03 08:40:16,416 [simulate_environment.py | 140] INFO: Start to update the input of 2023-11-03 03:10:00
2023-11-03 08:40:16,426 [simulate_environment.py | 167] INFO: Get 24 unallocated order items, 4 ongoing order items, 0 completed order items
2023-11-03 08:40:18,053 [simulate_environment.py | 253] INFO: 2023-11-03 03:10:00, Item 0221280003-1: state = 1 < 2, we can not finish the simulation
2023-11-03 08:40:18,053 [simulate_environment.py | 99] INFO: **************************************************
2023-11-03 08:40:18,053 [simulate_environment.py | 103] INFO: cur time: 2023-11-03 03:20:00, pre time: 2023-11-03 03:10:00
2023-11-03 08:40:18,053 [simulate_environment.py | 140] INFO: Start to update the input of 2023-11-03 03:20:00
2023-11-03 08:40:18,066 [simulate_environment.py | 167] INFO: Get 40 unallocated order items, 4 ongoing order items, 0 completed order items
2023-11-03 08:40:19,681 [simulate_environment.py | 253] INFO: 2023-11-03 03:20:00, Item 0221280003-1: state = 1 < 2, we can not finish the simulation
2023-11-03 08:40:19,681 [simulate_environment.py | 99] INFO: **************************************************
2023-11-03 08:40:19,681 [simulate_environment.py | 103] INFO: cur time: 2023-11-03 03:30:00, pre time: 2023-11-03 03:20:00
2023-11-03 08:40:19,681 [simulate_environment.py | 140] INFO: Start to update the input of 2023-11-03 03:30:00
2023-11-03 08:40:19,692 [simulate_environment.py | 167] INFO: Get 28 unallocated order items, 19 ongoing order items, 0 completed order items
2023-11-03 08:40:21,391 [simulate_environment.py | 253] INFO: 2023-11-03 03:30:00, Item 0221280003-1: state = 1 < 2, we can not finish the simulation
2023-11-03 08:40:21,391 [simulate_environment.py | 99] INFO: **************************************************
2023-11-03 08:40:21,391 [simulate_environment.py | 103] INFO: cur time: 2023-11-03 03:40:00, pre time: 2023-11-03 03:30:00
2023-11-03 08:40:21,391 [simulate_environment.py | 140] INFO: Start to update the input of 2023-11-03 03:40:00
2023-11-03 08:40:21,397 [simulate_environment.py | 167] INFO: Get 28 unallocated order items, 15 ongoing order items, 4 completed order items
2023-11-03 08:40:22,995 [simulate_environment.py | 253] INFO: 2023-11-03 03:40:00, Item 0221280003-1: state = 1 < 2, we can not finish the simulation
2023-11-03 08:40:22,995 [simulate_environment.py | 99] INFO: **************************************************
2023-11-03 08:40:22,995 [simulate_environment.py | 103] INFO: cur time: 2023-11-03 03:50:00, pre time: 2023-11-03 03:40:00
2023-11-03 08:40:22,995 [simulate_environment.py | 140] INFO: Start to update the input of 2023-11-03 03:50:00
2023-11-03 08:40:23,009 [simulate_environment.py | 167] INFO: Get 13 unallocated order items, 31 ongoing order items, 4 completed order items
2023-11-03 08:40:24,622 [simulate_environment.py | 253] INFO: 2023-11-03 03:50:00, Item 0221280003-1: state = 1 < 2, we can not finish the simulation
2023-11-03 08:40:24,622 [simulate_environment.py | 99] INFO: **************************************************
2023-11-03 08:40:24,622 [simulate_environment.py | 103] INFO: cur time: 2023-11-03 04:00:00, pre time: 2023-11-03 03:50:00
2023-11-03 08:40:24,622 [simulate_environment.py | 140] INFO: Start to update the input of 2023-11-03 04:00:00
2023-11-03 08:40:24,638 [simulate_environment.py | 167] INFO: Get 13 unallocated order items, 31 ongoing order items, 4 completed order items
2023-11-03 08:40:26,241 [simulate_environment.py | 253] INFO: 2023-11-03 04:00:00, Item 0221280003-1: state = 1 < 2, we can not finish the simulation
2023-11-03 08:40:26,241 [simulate_environment.py | 99] INFO: **************************************************
2023-11-03 08:40:26,241 [simulate_environment.py | 103] INFO: cur time: 2023-11-03 04:10:00, pre time: 2023-11-03 04:00:00
2023-11-03 08:40:26,246 [simulate_environment.py | 140] INFO: Start to update the input of 2023-11-03 04:10:00
2023-11-03 08:40:26,254 [simulate_environment.py | 167] INFO: Get 14 unallocated order items, 31 ongoing order items, 4 completed order items
2023-11-03 08:40:27,861 [simulate_environment.py | 253] INFO: 2023-11-03 04:10:00, Item 0221280003-1: state = 1 < 2, we can not finish the simulation
2023-11-03 08:40:27,861 [simulate_environment.py | 99] INFO: **************************************************
2023-11-03 08:40:27,872 [simulate_environment.py | 103] INFO: cur time: 2023-11-03 04:20:00, pre time: 2023-11-03 04:10:00
2023-11-03 08:40:27,872 [simulate_environment.py | 140] INFO: Start to update the input of 2023-11-03 04:20:00
2023-11-03 08:40:27,879 [simulate_environment.py | 167] INFO: Get 15 unallocated order items, 31 ongoing order items, 4 completed order items
2023-11-03 08:40:29,525 [simulate_environment.py | 253] INFO: 2023-11-03 04:20:00, Item 0221280003-1: state = 1 < 2, we can not finish the simulation
2023-11-03 08:40:29,525 [simulate_environment.py | 99] INFO: **************************************************
2023-11-03 08:40:29,525 [simulate_environment.py | 103] INFO: cur time: 2023-11-03 04:30:00, pre time: 2023-11-03 04:20:00
2023-11-03 08:40:29,525 [simulate_environment.py | 140] INFO: Start to update the input of 2023-11-03 04:30:00
2023-11-03 08:40:29,551 [simulate_environment.py | 167] INFO: Get 16 unallocated order items, 31 ongoing order items, 4 completed order items
2023-11-03 08:40:31,179 [simulate_environment.py | 253] INFO: 2023-11-03 04:30:00, Item 0221280003-1: state = 1 < 2, we can not finish the simulation
2023-11-03 08:40:31,179 [simulate_environment.py | 99] INFO: **************************************************
2023-11-03 08:40:31,179 [simulate_environment.py | 103] INFO: cur time: 2023-11-03 04:40:00, pre time: 2023-11-03 04:30:00
2023-11-03 08:40:31,179 [simulate_environment.py | 140] INFO: Start to update the input of 2023-11-03 04:40:00
2023-11-03 08:40:31,192 [simulate_environment.py | 167] INFO: Get 20 unallocated order items, 31 ongoing order items, 4 completed order items
2023-11-03 08:40:32,950 [simulate_environment.py | 253] INFO: 2023-11-03 04:40:00, Item 0221280003-1: state = 1 < 2, we can not finish the simulation
2023-11-03 08:40:32,950 [simulate_environment.py | 99] INFO: **************************************************
2023-11-03 08:40:32,950 [simulate_environment.py | 103] INFO: cur time: 2023-11-03 04:50:00, pre time: 2023-11-03 04:40:00
2023-11-03 08:40:32,964 [simulate_environment.py | 140] INFO: Start to update the input of 2023-11-03 04:50:00
2023-11-03 08:40:32,973 [simulate_environment.py | 167] INFO: Get 20 unallocated order items, 31 ongoing order items, 4 completed order items
2023-11-03 08:40:34,616 [simulate_environment.py | 253] INFO: 2023-11-03 04:50:00, Item 0221280003-1: state = 1 < 2, we can not finish the simulation
2023-11-03 08:40:34,616 [simulate_environment.py | 99] INFO: **************************************************
2023-11-03 08:40:34,616 [simulate_environment.py | 103] INFO: cur time: 2023-11-03 05:00:00, pre time: 2023-11-03 04:50:00
2023-11-03 08:40:34,628 [simulate_environment.py | 140] INFO: Start to update the input of 2023-11-03 05:00:00
2023-11-03 08:40:34,629 [simulate_environment.py | 167] INFO: Get 20 unallocated order items, 31 ongoing order items, 4 completed order items
2023-11-03 08:40:36,265 [simulate_environment.py | 253] INFO: 2023-11-03 05:00:00, Item 0221280003-1: state = 1 < 2, we can not finish the simulation
2023-11-03 08:40:36,265 [simulate_environment.py | 99] INFO: **************************************************
2023-11-03 08:40:36,265 [simulate_environment.py | 103] INFO: cur time: 2023-11-03 05:10:00, pre time: 2023-11-03 05:00:00
2023-11-03 08:40:36,273 [simulate_environment.py | 140] INFO: Start to update the input of 2023-11-03 05:10:00
2023-11-03 08:40:36,286 [simulate_environment.py | 167] INFO: Get 19 unallocated order items, 32 ongoing order items, 4 completed order items
2023-11-03 08:40:37,948 [simulate_environment.py | 253] INFO: 2023-11-03 05:10:00, Item 0302310004-16: state = 1 < 2, we can not finish the simulation
2023-11-03 08:40:37,948 [simulate_environment.py | 99] INFO: **************************************************
2023-11-03 08:40:37,948 [simulate_environment.py | 103] INFO: cur time: 2023-11-03 05:20:00, pre time: 2023-11-03 05:10:00
2023-11-03 08:40:37,956 [simulate_environment.py | 140] INFO: Start to update the input of 2023-11-03 05:20:00
2023-11-03 08:40:37,957 [simulate_environment.py | 167] INFO: Get 12 unallocated order items, 8 ongoing order items, 35 completed order items
2023-11-03 08:40:39,695 [simulate_environment.py | 253] INFO: 2023-11-03 05:20:00, Item 0304490005-1: state = 1 < 2, we can not finish the simulation
2023-11-03 08:40:39,695 [simulate_environment.py | 99] INFO: **************************************************
2023-11-03 08:40:39,695 [simulate_environment.py | 103] INFO: cur time: 2023-11-03 05:30:00, pre time: 2023-11-03 05:20:00
2023-11-03 08:40:39,695 [simulate_environment.py | 140] INFO: Start to update the input of 2023-11-03 05:30:00
2023-11-03 08:40:39,707 [simulate_environment.py | 167] INFO: Get 10 unallocated order items, 10 ongoing order items, 35 completed order items
2023-11-03 08:40:41,511 [simulate_environment.py | 253] INFO: 2023-11-03 05:30:00, Item 0320140007-1: state = 1 < 2, we can not finish the simulation
2023-11-03 08:40:41,511 [simulate_environment.py | 99] INFO: **************************************************
2023-11-03 08:40:41,511 [simulate_environment.py | 103] INFO: cur time: 2023-11-03 05:40:00, pre time: 2023-11-03 05:30:00
2023-11-03 08:40:41,511 [simulate_environment.py | 140] INFO: Start to update the input of 2023-11-03 05:40:00
2023-11-03 08:40:41,520 [simulate_environment.py | 167] INFO: Get 13 unallocated order items, 10 ongoing order items, 35 completed order items
2023-11-03 08:40:43,230 [simulate_environment.py | 253] INFO: 2023-11-03 05:40:00, Item 0320140007-1: state = 1 < 2, we can not finish the simulation
2023-11-03 08:40:43,230 [simulate_environment.py | 99] INFO: **************************************************
2023-11-03 08:40:43,230 [simulate_environment.py | 103] INFO: cur time: 2023-11-03 05:50:00, pre time: 2023-11-03 05:40:00
2023-11-03 08:40:43,242 [simulate_environment.py | 140] INFO: Start to update the input of 2023-11-03 05:50:00
2023-11-03 08:40:43,254 [simulate_environment.py | 167] INFO: Get 36 unallocated order items, 10 ongoing order items, 35 completed order items
2023-11-03 08:40:44,861 [simulate_environment.py | 253] INFO: 2023-11-03 05:50:00, Item 0320140007-1: state = 1 < 2, we can not finish the simulation
2023-11-03 08:40:44,861 [simulate_environment.py | 99] INFO: **************************************************
2023-11-03 08:40:44,861 [simulate_environment.py | 103] INFO: cur time: 2023-11-03 06:00:00, pre time: 2023-11-03 05:50:00
2023-11-03 08:40:44,861 [simulate_environment.py | 140] INFO: Start to update the input of 2023-11-03 06:00:00
2023-11-03 08:40:44,879 [simulate_environment.py | 167] INFO: Get 37 unallocated order items, 10 ongoing order items, 35 completed order items
2023-11-03 08:40:46,495 [simulate_environment.py | 253] INFO: 2023-11-03 06:00:00, Item 0320140007-1: state = 1 < 2, we can not finish the simulation
2023-11-03 08:40:46,495 [simulate_environment.py | 99] INFO: **************************************************
2023-11-03 08:40:46,495 [simulate_environment.py | 103] INFO: cur time: 2023-11-03 06:10:00, pre time: 2023-11-03 06:00:00
2023-11-03 08:40:46,496 [simulate_environment.py | 140] INFO: Start to update the input of 2023-11-03 06:10:00
2023-11-03 08:40:46,504 [simulate_environment.py | 167] INFO: Get 41 unallocated order items, 10 ongoing order items, 35 completed order items
2023-11-03 08:40:48,157 [simulate_environment.py | 253] INFO: 2023-11-03 06:10:00, Item 0320140007-1: state = 1 < 2, we can not finish the simulation
2023-11-03 08:40:48,157 [simulate_environment.py | 99] INFO: **************************************************
2023-11-03 08:40:48,167 [simulate_environment.py | 103] INFO: cur time: 2023-11-03 06:20:00, pre time: 2023-11-03 06:10:00
2023-11-03 08:40:48,167 [simulate_environment.py | 140] INFO: Start to update the input of 2023-11-03 06:20:00
2023-11-03 08:40:48,176 [simulate_environment.py | 167] INFO: Get 41 unallocated order items, 2 ongoing order items, 43 completed order items
2023-11-03 08:40:49,822 [simulate_environment.py | 253] INFO: 2023-11-03 06:20:00, Item 0320140007-1: state = 1 < 2, we can not finish the simulation
2023-11-03 08:40:49,822 [simulate_environment.py | 99] INFO: **************************************************
2023-11-03 08:40:49,822 [simulate_environment.py | 103] INFO: cur time: 2023-11-03 06:30:00, pre time: 2023-11-03 06:20:00
2023-11-03 08:40:49,822 [simulate_environment.py | 140] INFO: Start to update the input of 2023-11-03 06:30:00
2023-11-03 08:40:49,832 [simulate_environment.py | 167] INFO: Get 42 unallocated order items, 0 ongoing order items, 45 completed order items
2023-11-03 08:40:51,465 [simulate_environment.py | 253] INFO: 2023-11-03 06:30:00, Item 0320140007-1: state = 1 < 2, we can not finish the simulation
2023-11-03 08:40:51,465 [simulate_environment.py | 99] INFO: **************************************************
2023-11-03 08:40:51,465 [simulate_environment.py | 103] INFO: cur time: 2023-11-03 06:40:00, pre time: 2023-11-03 06:30:00
2023-11-03 08:40:51,465 [simulate_environment.py | 140] INFO: Start to update the input of 2023-11-03 06:40:00
2023-11-03 08:40:51,473 [simulate_environment.py | 167] INFO: Get 48 unallocated order items, 0 ongoing order items, 45 completed order items
2023-11-03 08:40:53,098 [simulate_environment.py | 253] INFO: 2023-11-03 06:40:00, Item 0320140007-1: state = 1 < 2, we can not finish the simulation
2023-11-03 08:40:53,098 [simulate_environment.py | 99] INFO: **************************************************
2023-11-03 08:40:53,098 [simulate_environment.py | 103] INFO: cur time: 2023-11-03 06:50:00, pre time: 2023-11-03 06:40:00
2023-11-03 08:40:53,098 [simulate_environment.py | 140] INFO: Start to update the input of 2023-11-03 06:50:00
2023-11-03 08:40:53,102 [simulate_environment.py | 167] INFO: Get 50 unallocated order items, 0 ongoing order items, 45 completed order items
2023-11-03 08:40:54,723 [simulate_environment.py | 253] INFO: 2023-11-03 06:50:00, Item 0320140007-1: state = 1 < 2, we can not finish the simulation
2023-11-03 08:40:54,723 [simulate_environment.py | 99] INFO: **************************************************
2023-11-03 08:40:54,723 [simulate_environment.py | 103] INFO: cur time: 2023-11-03 07:00:00, pre time: 2023-11-03 06:50:00
2023-11-03 08:40:54,723 [simulate_environment.py | 140] INFO: Start to update the input of 2023-11-03 07:00:00
2023-11-03 08:40:54,739 [simulate_environment.py | 167] INFO: Get 43 unallocated order items, 8 ongoing order items, 45 completed order items
2023-11-03 08:40:56,390 [simulate_environment.py | 253] INFO: 2023-11-03 07:00:00, Item 0405380010-1: state = 1 < 2, we can not finish the simulation
2023-11-03 08:40:56,390 [simulate_environment.py | 99] INFO: **************************************************
2023-11-03 08:40:56,390 [simulate_environment.py | 103] INFO: cur time: 2023-11-03 07:10:00, pre time: 2023-11-03 07:00:00
2023-11-03 08:40:56,390 [simulate_environment.py | 140] INFO: Start to update the input of 2023-11-03 07:10:00
2023-11-03 08:40:56,395 [simulate_environment.py | 167] INFO: Get 39 unallocated order items, 12 ongoing order items, 45 completed order items
2023-11-03 08:40:58,151 [simulate_environment.py | 253] INFO: 2023-11-03 07:10:00, Item 0405380010-1: state = 1 < 2, we can not finish the simulation
2023-11-03 08:40:58,151 [simulate_environment.py | 99] INFO: **************************************************
2023-11-03 08:40:58,151 [simulate_environment.py | 103] INFO: cur time: 2023-11-03 07:20:00, pre time: 2023-11-03 07:10:00
2023-11-03 08:40:58,151 [simulate_environment.py | 140] INFO: Start to update the input of 2023-11-03 07:20:00
2023-11-03 08:40:58,161 [simulate_environment.py | 167] INFO: Get 38 unallocated order items, 13 ongoing order items, 45 completed order items
2023-11-03 08:40:59,888 [simulate_environment.py | 253] INFO: 2023-11-03 07:20:00, Item 0405380010-1: state = 1 < 2, we can not finish the simulation
2023-11-03 08:40:59,888 [simulate_environment.py | 99] INFO: **************************************************
2023-11-03 08:40:59,888 [simulate_environment.py | 103] INFO: cur time: 2023-11-03 07:30:00, pre time: 2023-11-03 07:20:00
2023-11-03 08:40:59,888 [simulate_environment.py | 140] INFO: Start to update the input of 2023-11-03 07:30:00
2023-11-03 08:40:59,910 [simulate_environment.py | 167] INFO: Get 37 unallocated order items, 13 ongoing order items, 46 completed order items
2023-11-03 08:41:01,574 [simulate_environment.py | 253] INFO: 2023-11-03 07:30:00, Item 0531500014-1: state = 1 < 2, we can not finish the simulation
2023-11-03 08:41:01,574 [simulate_environment.py | 99] INFO: **************************************************
2023-11-03 08:41:01,574 [simulate_environment.py | 103] INFO: cur time: 2023-11-03 07:40:00, pre time: 2023-11-03 07:30:00
2023-11-03 08:41:01,574 [simulate_environment.py | 140] INFO: Start to update the input of 2023-11-03 07:40:00
2023-11-03 08:41:01,584 [simulate_environment.py | 167] INFO: Get 37 unallocated order items, 13 ongoing order items, 46 completed order items
2023-11-03 08:41:03,200 [simulate_environment.py | 253] INFO: 2023-11-03 07:40:00, Item 0531500014-1: state = 1 < 2, we can not finish the simulation
2023-11-03 08:41:03,200 [simulate_environment.py | 99] INFO: **************************************************
2023-11-03 08:41:03,200 [simulate_environment.py | 103] INFO: cur time: 2023-11-03 07:50:00, pre time: 2023-11-03 07:40:00
2023-11-03 08:41:03,200 [simulate_environment.py | 140] INFO: Start to update the input of 2023-11-03 07:50:00
2023-11-03 08:41:03,207 [simulate_environment.py | 167] INFO: Get 45 unallocated order items, 8 ongoing order items, 51 completed order items
2023-11-03 08:41:04,875 [simulate_environment.py | 253] INFO: 2023-11-03 07:50:00, Item 0531500014-1: state = 1 < 2, we can not finish the simulation
2023-11-03 08:41:04,875 [simulate_environment.py | 99] INFO: **************************************************
2023-11-03 08:41:04,875 [simulate_environment.py | 103] INFO: cur time: 2023-11-03 08:00:00, pre time: 2023-11-03 07:50:00
2023-11-03 08:41:04,875 [simulate_environment.py | 140] INFO: Start to update the input of 2023-11-03 08:00:00
2023-11-03 08:41:04,880 [simulate_environment.py | 167] INFO: Get 45 unallocated order items, 1 ongoing order items, 58 completed order items
2023-11-03 08:41:06,491 [simulate_environment.py | 253] INFO: 2023-11-03 08:00:00, Item 0531500014-1: state = 1 < 2, we can not finish the simulation
2023-11-03 08:41:06,491 [simulate_environment.py | 99] INFO: **************************************************
2023-11-03 08:41:06,491 [simulate_environment.py | 103] INFO: cur time: 2023-11-03 08:10:00, pre time: 2023-11-03 08:00:00
2023-11-03 08:41:06,504 [simulate_environment.py | 140] INFO: Start to update the input of 2023-11-03 08:10:00
2023-11-03 08:41:06,520 [simulate_environment.py | 167] INFO: Get 45 unallocated order items, 1 ongoing order items, 58 completed order items
2023-11-03 08:41:08,128 [simulate_environment.py | 253] INFO: 2023-11-03 08:10:00, Item 0531500014-1: state = 1 < 2, we can not finish the simulation
2023-11-03 08:41:08,128 [simulate_environment.py | 99] INFO: **************************************************
2023-11-03 08:41:08,128 [simulate_environment.py | 103] INFO: cur time: 2023-11-03 08:20:00, pre time: 2023-11-03 08:10:00
2023-11-03 08:41:08,128 [simulate_environment.py | 140] INFO: Start to update the input of 2023-11-03 08:20:00
2023-11-03 08:41:08,145 [simulate_environment.py | 167] INFO: Get 28 unallocated order items, 18 ongoing order items, 58 completed order items
2023-11-03 08:41:09,802 [simulate_environment.py | 253] INFO: 2023-11-03 08:20:00, Item 0537230016-1: state = 1 < 2, we can not finish the simulation
2023-11-03 08:41:09,802 [simulate_environment.py | 99] INFO: **************************************************
2023-11-03 08:41:09,802 [simulate_environment.py | 103] INFO: cur time: 2023-11-03 08:30:00, pre time: 2023-11-03 08:20:00
2023-11-03 08:41:09,804 [simulate_environment.py | 140] INFO: Start to update the input of 2023-11-03 08:30:00
2023-11-03 08:41:09,817 [simulate_environment.py | 167] INFO: Get 28 unallocated order items, 18 ongoing order items, 58 completed order items
2023-11-03 08:41:11,477 [simulate_environment.py | 253] INFO: 2023-11-03 08:30:00, Item 0537230016-1: state = 1 < 2, we can not finish the simulation
2023-11-03 08:41:11,477 [simulate_environment.py | 99] INFO: **************************************************
2023-11-03 08:41:11,477 [simulate_environment.py | 103] INFO: cur time: 2023-11-03 08:40:00, pre time: 2023-11-03 08:30:00
2023-11-03 08:41:11,489 [simulate_environment.py | 140] INFO: Start to update the input of 2023-11-03 08:40:00
2023-11-03 08:41:11,504 [simulate_environment.py | 167] INFO: Get 25 unallocated order items, 20 ongoing order items, 59 completed order items
2023-11-03 08:41:13,118 [simulate_environment.py | 253] INFO: 2023-11-03 08:40:00, Item 0537230016-1: state = 1 < 2, we can not finish the simulation
2023-11-03 08:41:13,118 [simulate_environment.py | 99] INFO: **************************************************
2023-11-03 08:41:13,118 [simulate_environment.py | 103] INFO: cur time: 2023-11-03 08:50:00, pre time: 2023-11-03 08:40:00
2023-11-03 08:41:13,128 [simulate_environment.py | 140] INFO: Start to update the input of 2023-11-03 08:50:00
2023-11-03 08:41:13,129 [simulate_environment.py | 167] INFO: Get 24 unallocated order items, 21 ongoing order items, 59 completed order items
2023-11-03 08:41:14,776 [simulate_environment.py | 253] INFO: 2023-11-03 08:50:00, Item 0549590018-16: state = 1 < 2, we can not finish the simulation
2023-11-03 08:41:14,776 [simulate_environment.py | 99] INFO: **************************************************
2023-11-03 08:41:14,776 [simulate_environment.py | 103] INFO: cur time: 2023-11-03 09:00:00, pre time: 2023-11-03 08:50:00
2023-11-03 08:41:14,777 [simulate_environment.py | 140] INFO: Start to update the input of 2023-11-03 09:00:00
2023-11-03 08:41:14,785 [simulate_environment.py | 167] INFO: Get 24 unallocated order items, 21 ongoing order items, 59 completed order items
2023-11-03 08:41:16,385 [simulate_environment.py | 253] INFO: 2023-11-03 09:00:00, Item 0549590018-16: state = 1 < 2, we can not finish the simulation
2023-11-03 08:41:16,385 [simulate_environment.py | 99] INFO: **************************************************
2023-11-03 08:41:16,385 [simulate_environment.py | 103] INFO: cur time: 2023-11-03 09:10:00, pre time: 2023-11-03 09:00:00
2023-11-03 08:41:16,385 [simulate_environment.py | 140] INFO: Start to update the input of 2023-11-03 09:10:00
2023-11-03 08:41:16,410 [simulate_environment.py | 167] INFO: Get 16 unallocated order items, 31 ongoing order items, 59 completed order items
2023-11-03 08:41:18,074 [simulate_environment.py | 253] INFO: 2023-11-03 09:10:00, Item 0557370019-1: state = 1 < 2, we can not finish the simulation
2023-11-03 08:41:18,074 [simulate_environment.py | 99] INFO: **************************************************
2023-11-03 08:41:18,074 [simulate_environment.py | 103] INFO: cur time: 2023-11-03 09:20:00, pre time: 2023-11-03 09:10:00
2023-11-03 08:41:18,074 [simulate_environment.py | 140] INFO: Start to update the input of 2023-11-03 09:20:00
2023-11-03 08:41:18,082 [simulate_environment.py | 167] INFO: Get 16 unallocated order items, 30 ongoing order items, 60 completed order items
2023-11-03 08:41:20,105 [simulate_environment.py | 253] INFO: 2023-11-03 09:20:00, Item 0557370019-1: state = 1 < 2, we can not finish the simulation
2023-11-03 08:41:20,105 [simulate_environment.py | 99] INFO: **************************************************
2023-11-03 08:41:20,106 [simulate_environment.py | 103] INFO: cur time: 2023-11-03 09:30:00, pre time: 2023-11-03 09:20:00
2023-11-03 08:41:20,106 [simulate_environment.py | 140] INFO: Start to update the input of 2023-11-03 09:30:00
2023-11-03 08:41:20,114 [simulate_environment.py | 167] INFO: Get 15 unallocated order items, 28 ongoing order items, 63 completed order items
2023-11-03 08:41:21,853 [simulate_environment.py | 253] INFO: 2023-11-03 09:30:00, Item 0632150023-1: state = 1 < 2, we can not finish the simulation
2023-11-03 08:41:21,853 [simulate_environment.py | 99] INFO: **************************************************
2023-11-03 08:41:21,853 [simulate_environment.py | 103] INFO: cur time: 2023-11-03 09:40:00, pre time: 2023-11-03 09:30:00
2023-11-03 08:41:21,853 [simulate_environment.py | 140] INFO: Start to update the input of 2023-11-03 09:40:00
2023-11-03 08:41:21,864 [simulate_environment.py | 167] INFO: Get 28 unallocated order items, 28 ongoing order items, 63 completed order items
2023-11-03 08:41:23,621 [simulate_environment.py | 253] INFO: 2023-11-03 09:40:00, Item 0632150023-1: state = 1 < 2, we can not finish the simulation
2023-11-03 08:41:23,621 [simulate_environment.py | 99] INFO: **************************************************
2023-11-03 08:41:23,621 [simulate_environment.py | 103] INFO: cur time: 2023-11-03 09:50:00, pre time: 2023-11-03 09:40:00
2023-11-03 08:41:23,621 [simulate_environment.py | 140] INFO: Start to update the input of 2023-11-03 09:50:00
2023-11-03 08:41:23,629 [simulate_environment.py | 167] INFO: Get 30 unallocated order items, 28 ongoing order items, 63 completed order items
2023-11-03 08:41:25,357 [simulate_environment.py | 253] INFO: 2023-11-03 09:50:00, Item 0632150023-1: state = 1 < 2, we can not finish the simulation
2023-11-03 08:41:25,357 [simulate_environment.py | 99] INFO: **************************************************
2023-11-03 08:41:25,357 [simulate_environment.py | 103] INFO: cur time: 2023-11-03 10:00:00, pre time: 2023-11-03 09:50:00
2023-11-03 08:41:25,357 [simulate_environment.py | 140] INFO: Start to update the input of 2023-11-03 10:00:00
2023-11-03 08:41:25,364 [simulate_environment.py | 167] INFO: Get 22 unallocated order items, 40 ongoing order items, 63 completed order items
2023-11-03 08:41:27,153 [simulate_environment.py | 253] INFO: 2023-11-03 10:00:00, Item 0634010024-1: state = 1 < 2, we can not finish the simulation
2023-11-03 08:41:27,153 [simulate_environment.py | 99] INFO: **************************************************
2023-11-03 08:41:27,153 [simulate_environment.py | 103] INFO: cur time: 2023-11-03 10:10:00, pre time: 2023-11-03 10:00:00
2023-11-03 08:41:27,153 [simulate_environment.py | 140] INFO: Start to update the input of 2023-11-03 10:10:00
2023-11-03 08:41:27,160 [simulate_environment.py | 167] INFO: Get 43 unallocated order items, 23 ongoing order items, 80 completed order items
2023-11-03 08:41:28,811 [simulate_environment.py | 253] INFO: 2023-11-03 10:10:00, Item 0634010024-1: state = 1 < 2, we can not finish the simulation
2023-11-03 08:41:28,811 [simulate_environment.py | 99] INFO: **************************************************
2023-11-03 08:41:28,811 [simulate_environment.py | 103] INFO: cur time: 2023-11-03 10:20:00, pre time: 2023-11-03 10:10:00
2023-11-03 08:41:28,811 [simulate_environment.py | 140] INFO: Start to update the input of 2023-11-03 10:20:00
2023-11-03 08:41:28,832 [simulate_environment.py | 167] INFO: Get 57 unallocated order items, 12 ongoing order items, 91 completed order items
2023-11-03 08:41:30,596 [simulate_environment.py | 253] INFO: 2023-11-03 10:20:00, Item 0634010024-1: state = 1 < 2, we can not finish the simulation
2023-11-03 08:41:30,596 [simulate_environment.py | 99] INFO: **************************************************
2023-11-03 08:41:30,596 [simulate_environment.py | 103] INFO: cur time: 2023-11-03 10:30:00, pre time: 2023-11-03 10:20:00
2023-11-03 08:41:30,596 [simulate_environment.py | 140] INFO: Start to update the input of 2023-11-03 10:30:00
2023-11-03 08:41:30,614 [simulate_environment.py | 167] INFO: Get 57 unallocated order items, 12 ongoing order items, 91 completed order items
2023-11-03 08:41:32,320 [simulate_environment.py | 253] INFO: 2023-11-03 10:30:00, Item 0634010024-1: state = 1 < 2, we can not finish the simulation
2023-11-03 08:41:32,328 [simulate_environment.py | 99] INFO: **************************************************
2023-11-03 08:41:32,328 [simulate_environment.py | 103] INFO: cur time: 2023-11-03 10:40:00, pre time: 2023-11-03 10:30:00
2023-11-03 08:41:32,328 [simulate_environment.py | 140] INFO: Start to update the input of 2023-11-03 10:40:00
2023-11-03 08:41:32,332 [simulate_environment.py | 167] INFO: Get 57 unallocated order items, 12 ongoing order items, 91 completed order items
2023-11-03 08:41:33,968 [simulate_environment.py | 253] INFO: 2023-11-03 10:40:00, Item 0634010024-1: state = 1 < 2, we can not finish the simulation
2023-11-03 08:41:33,968 [simulate_environment.py | 99] INFO: **************************************************
2023-11-03 08:41:33,968 [simulate_environment.py | 103] INFO: cur time: 2023-11-03 10:50:00, pre time: 2023-11-03 10:40:00
2023-11-03 08:41:33,968 [simulate_environment.py | 140] INFO: Start to update the input of 2023-11-03 10:50:00
2023-11-03 08:41:33,978 [simulate_environment.py | 167] INFO: Get 57 unallocated order items, 12 ongoing order items, 91 completed order items
2023-11-03 08:41:35,666 [simulate_environment.py | 253] INFO: 2023-11-03 10:50:00, Item 0634010024-1: state = 1 < 2, we can not finish the simulation
2023-11-03 08:41:35,666 [simulate_environment.py | 99] INFO: **************************************************
2023-11-03 08:41:35,675 [simulate_environment.py | 103] INFO: cur time: 2023-11-03 11:00:00, pre time: 2023-11-03 10:50:00
2023-11-03 08:41:35,675 [simulate_environment.py | 140] INFO: Start to update the input of 2023-11-03 11:00:00
2023-11-03 08:41:35,677 [simulate_environment.py | 167] INFO: Get 57 unallocated order items, 12 ongoing order items, 91 completed order items
2023-11-03 08:41:37,296 [simulate_environment.py | 253] INFO: 2023-11-03 11:00:00, Item 0634010024-1: state = 1 < 2, we can not finish the simulation
2023-11-03 08:41:37,296 [simulate_environment.py | 99] INFO: **************************************************
2023-11-03 08:41:37,296 [simulate_environment.py | 103] INFO: cur time: 2023-11-03 11:10:00, pre time: 2023-11-03 11:00:00
2023-11-03 08:41:37,302 [simulate_environment.py | 140] INFO: Start to update the input of 2023-11-03 11:10:00
2023-11-03 08:41:37,317 [simulate_environment.py | 167] INFO: Get 57 unallocated order items, 13 ongoing order items, 91 completed order items
2023-11-03 08:41:38,952 [simulate_environment.py | 253] INFO: 2023-11-03 11:10:00, Item 0906050029-1: state = 1 < 2, we can not finish the simulation
2023-11-03 08:41:38,952 [simulate_environment.py | 99] INFO: **************************************************
2023-11-03 08:41:38,952 [simulate_environment.py | 103] INFO: cur time: 2023-11-03 11:20:00, pre time: 2023-11-03 11:10:00
2023-11-03 08:41:38,952 [simulate_environment.py | 140] INFO: Start to update the input of 2023-11-03 11:20:00
2023-11-03 08:41:38,973 [simulate_environment.py | 167] INFO: Get 64 unallocated order items, 25 ongoing order items, 91 completed order items
2023-11-03 08:41:40,617 [simulate_environment.py | 253] INFO: 2023-11-03 11:20:00, Item 0906050029-1: state = 1 < 2, we can not finish the simulation
2023-11-03 08:41:40,624 [simulate_environment.py | 99] INFO: **************************************************
2023-11-03 08:41:40,624 [simulate_environment.py | 103] INFO: cur time: 2023-11-03 11:30:00, pre time: 2023-11-03 11:20:00
2023-11-03 08:41:40,624 [simulate_environment.py | 140] INFO: Start to update the input of 2023-11-03 11:30:00
2023-11-03 08:41:40,629 [simulate_environment.py | 167] INFO: Get 53 unallocated order items, 37 ongoing order items, 91 completed order items
2023-11-03 08:41:42,244 [simulate_environment.py | 253] INFO: 2023-11-03 11:30:00, Item 0930440031-1: state = 1 < 2, we can not finish the simulation
2023-11-03 08:41:42,244 [simulate_environment.py | 99] INFO: **************************************************
2023-11-03 08:41:42,244 [simulate_environment.py | 103] INFO: cur time: 2023-11-03 11:40:00, pre time: 2023-11-03 11:30:00
2023-11-03 08:41:42,252 [simulate_environment.py | 140] INFO: Start to update the input of 2023-11-03 11:40:00
2023-11-03 08:41:42,254 [simulate_environment.py | 167] INFO: Get 58 unallocated order items, 37 ongoing order items, 91 completed order items
2023-11-03 08:41:43,890 [simulate_environment.py | 253] INFO: 2023-11-03 11:40:00, Item 0930440031-1: state = 1 < 2, we can not finish the simulation
2023-11-03 08:41:43,890 [simulate_environment.py | 99] INFO: **************************************************
2023-11-03 08:41:43,892 [simulate_environment.py | 103] INFO: cur time: 2023-11-03 11:50:00, pre time: 2023-11-03 11:40:00
2023-11-03 08:41:43,892 [simulate_environment.py | 140] INFO: Start to update the input of 2023-11-03 11:50:00
2023-11-03 08:41:43,895 [simulate_environment.py | 167] INFO: Get 58 unallocated order items, 25 ongoing order items, 103 completed order items
2023-11-03 08:41:45,515 [simulate_environment.py | 253] INFO: 2023-11-03 11:50:00, Item 0930440031-1: state = 1 < 2, we can not finish the simulation
2023-11-03 08:41:45,515 [simulate_environment.py | 99] INFO: **************************************************
2023-11-03 08:41:45,515 [simulate_environment.py | 103] INFO: cur time: 2023-11-03 12:00:00, pre time: 2023-11-03 11:50:00
2023-11-03 08:41:45,526 [simulate_environment.py | 140] INFO: Start to update the input of 2023-11-03 12:00:00
2023-11-03 08:41:45,535 [simulate_environment.py | 167] INFO: Get 59 unallocated order items, 25 ongoing order items, 103 completed order items
2023-11-03 08:41:47,142 [simulate_environment.py | 253] INFO: 2023-11-03 12:00:00, Item 0930440031-1: state = 1 < 2, we can not finish the simulation
2023-11-03 08:41:47,142 [simulate_environment.py | 99] INFO: **************************************************
2023-11-03 08:41:47,142 [simulate_environment.py | 103] INFO: cur time: 2023-11-03 12:10:00, pre time: 2023-11-03 12:00:00
2023-11-03 08:41:47,153 [simulate_environment.py | 140] INFO: Start to update the input of 2023-11-03 12:10:00
2023-11-03 08:41:47,160 [simulate_environment.py | 167] INFO: Get 59 unallocated order items, 25 ongoing order items, 103 completed order items
2023-11-03 08:41:48,795 [simulate_environment.py | 253] INFO: 2023-11-03 12:10:00, Item 0930440031-1: state = 1 < 2, we can not finish the simulation
2023-11-03 08:41:48,795 [simulate_environment.py | 99] INFO: **************************************************
2023-11-03 08:41:48,797 [simulate_environment.py | 103] INFO: cur time: 2023-11-03 12:20:00, pre time: 2023-11-03 12:10:00
2023-11-03 08:41:48,797 [simulate_environment.py | 140] INFO: Start to update the input of 2023-11-03 12:20:00
2023-11-03 08:41:48,801 [simulate_environment.py | 167] INFO: Get 59 unallocated order items, 26 ongoing order items, 103 completed order items
2023-11-03 08:41:50,411 [simulate_environment.py | 253] INFO: 2023-11-03 12:20:00, Item 0946410032-1: state = 1 < 2, we can not finish the simulation
2023-11-03 08:41:50,411 [simulate_environment.py | 99] INFO: **************************************************
2023-11-03 08:41:50,411 [simulate_environment.py | 103] INFO: cur time: 2023-11-03 12:30:00, pre time: 2023-11-03 12:20:00
2023-11-03 08:41:50,411 [simulate_environment.py | 140] INFO: Start to update the input of 2023-11-03 12:30:00
2023-11-03 08:41:50,442 [simulate_environment.py | 167] INFO: Get 59 unallocated order items, 25 ongoing order items, 104 completed order items
2023-11-03 08:41:52,054 [simulate_environment.py | 253] INFO: 2023-11-03 12:30:00, Item 0946410032-1: state = 1 < 2, we can not finish the simulation
2023-11-03 08:41:52,056 [simulate_environment.py | 99] INFO: **************************************************
2023-11-03 08:41:52,056 [simulate_environment.py | 103] INFO: cur time: 2023-11-03 12:40:00, pre time: 2023-11-03 12:30:00
2023-11-03 08:41:52,056 [simulate_environment.py | 140] INFO: Start to update the input of 2023-11-03 12:40:00
2023-11-03 08:41:52,067 [simulate_environment.py | 167] INFO: Get 59 unallocated order items, 13 ongoing order items, 116 completed order items
2023-11-03 08:41:53,713 [simulate_environment.py | 253] INFO: 2023-11-03 12:40:00, Item 0946410032-1: state = 1 < 2, we can not finish the simulation
2023-11-03 08:41:53,713 [simulate_environment.py | 99] INFO: **************************************************
2023-11-03 08:41:53,713 [simulate_environment.py | 103] INFO: cur time: 2023-11-03 12:50:00, pre time: 2023-11-03 12:40:00
2023-11-03 08:41:53,713 [simulate_environment.py | 140] INFO: Start to update the input of 2023-11-03 12:50:00
2023-11-03 08:41:53,723 [simulate_environment.py | 167] INFO: Get 59 unallocated order items, 13 ongoing order items, 116 completed order items
2023-11-03 08:41:55,339 [simulate_environment.py | 253] INFO: 2023-11-03 12:50:00, Item 0946410032-1: state = 1 < 2, we can not finish the simulation
2023-11-03 08:41:55,339 [simulate_environment.py | 99] INFO: **************************************************
2023-11-03 08:41:55,339 [simulate_environment.py | 103] INFO: cur time: 2023-11-03 13:00:00, pre time: 2023-11-03 12:50:00
2023-11-03 08:41:55,341 [simulate_environment.py | 140] INFO: Start to update the input of 2023-11-03 13:00:00
2023-11-03 08:41:55,348 [simulate_environment.py | 167] INFO: Get 59 unallocated order items, 13 ongoing order items, 116 completed order items
2023-11-03 08:41:56,984 [simulate_environment.py | 253] INFO: 2023-11-03 13:00:00, Item 0946410032-1: state = 1 < 2, we can not finish the simulation
2023-11-03 08:41:56,984 [simulate_environment.py | 99] INFO: **************************************************
2023-11-03 08:41:56,984 [simulate_environment.py | 103] INFO: cur time: 2023-11-03 13:10:00, pre time: 2023-11-03 13:00:00
2023-11-03 08:41:56,984 [simulate_environment.py | 140] INFO: Start to update the input of 2023-11-03 13:10:00
2023-11-03 08:41:56,989 [simulate_environment.py | 167] INFO: Get 57 unallocated order items, 3 ongoing order items, 128 completed order items
2023-11-03 08:41:58,600 [simulate_environment.py | 253] INFO: 2023-11-03 13:10:00, Item 0949120033-1: state = 1 < 2, we can not finish the simulation
2023-11-03 08:41:58,600 [simulate_environment.py | 99] INFO: **************************************************
2023-11-03 08:41:58,600 [simulate_environment.py | 103] INFO: cur time: 2023-11-03 13:20:00, pre time: 2023-11-03 13:10:00
2023-11-03 08:41:58,611 [simulate_environment.py | 140] INFO: Start to update the input of 2023-11-03 13:20:00
2023-11-03 08:41:58,614 [simulate_environment.py | 167] INFO: Get 57 unallocated order items, 2 ongoing order items, 129 completed order items
2023-11-03 08:42:00,216 [simulate_environment.py | 253] INFO: 2023-11-03 13:20:00, Item 0949120033-1: state = 1 < 2, we can not finish the simulation
2023-11-03 08:42:00,232 [simulate_environment.py | 99] INFO: **************************************************
2023-11-03 08:42:00,232 [simulate_environment.py | 103] INFO: cur time: 2023-11-03 13:30:00, pre time: 2023-11-03 13:20:00
2023-11-03 08:42:00,232 [simulate_environment.py | 140] INFO: Start to update the input of 2023-11-03 13:30:00
2023-11-03 08:42:00,238 [simulate_environment.py | 167] INFO: Get 57 unallocated order items, 2 ongoing order items, 129 completed order items
2023-11-03 08:42:01,936 [simulate_environment.py | 253] INFO: 2023-11-03 13:30:00, Item 0949120033-1: state = 1 < 2, we can not finish the simulation
2023-11-03 08:42:01,936 [simulate_environment.py | 99] INFO: **************************************************
2023-11-03 08:42:01,936 [simulate_environment.py | 103] INFO: cur time: 2023-11-03 13:40:00, pre time: 2023-11-03 13:30:00
2023-11-03 08:42:01,936 [simulate_environment.py | 140] INFO: Start to update the input of 2023-11-03 13:40:00
2023-11-03 08:42:01,943 [simulate_environment.py | 167] INFO: Get 57 unallocated order items, 0 ongoing order items, 131 completed order items
2023-11-03 08:42:03,596 [simulate_environment.py | 253] INFO: 2023-11-03 13:40:00, Item 0949120033-1: state = 1 < 2, we can not finish the simulation
2023-11-03 08:42:03,604 [simulate_environment.py | 99] INFO: **************************************************
2023-11-03 08:42:03,604 [simulate_environment.py | 103] INFO: cur time: 2023-11-03 13:50:00, pre time: 2023-11-03 13:40:00
2023-11-03 08:42:03,604 [simulate_environment.py | 140] INFO: Start to update the input of 2023-11-03 13:50:00
2023-11-03 08:42:03,614 [simulate_environment.py | 167] INFO: Get 53 unallocated order items, 4 ongoing order items, 131 completed order items
2023-11-03 08:42:05,409 [simulate_environment.py | 253] INFO: 2023-11-03 13:50:00, Item 0958350034-1: state = 1 < 2, we can not finish the simulation
2023-11-03 08:42:05,409 [simulate_environment.py | 99] INFO: **************************************************
2023-11-03 08:42:05,409 [simulate_environment.py | 103] INFO: cur time: 2023-11-03 14:00:00, pre time: 2023-11-03 13:50:00
2023-11-03 08:42:05,409 [simulate_environment.py | 140] INFO: Start to update the input of 2023-11-03 14:00:00
2023-11-03 08:42:05,413 [simulate_environment.py | 167] INFO: Get 54 unallocated order items, 4 ongoing order items, 131 completed order items
2023-11-03 08:42:07,063 [simulate_environment.py | 253] INFO: 2023-11-03 14:00:00, Item 0958350034-1: state = 1 < 2, we can not finish the simulation
2023-11-03 08:42:07,063 [simulate_environment.py | 99] INFO: **************************************************
2023-11-03 08:42:07,068 [simulate_environment.py | 103] INFO: cur time: 2023-11-03 14:10:00, pre time: 2023-11-03 14:00:00
2023-11-03 08:42:07,068 [simulate_environment.py | 140] INFO: Start to update the input of 2023-11-03 14:10:00
2023-11-03 08:42:07,082 [simulate_environment.py | 167] INFO: Get 30 unallocated order items, 29 ongoing order items, 131 completed order items
2023-11-03 08:42:08,746 [simulate_environment.py | 253] INFO: 2023-11-03 14:10:00, Item 0958350034-1: state = 1 < 2, we can not finish the simulation
2023-11-03 08:42:08,746 [simulate_environment.py | 99] INFO: **************************************************
2023-11-03 08:42:08,746 [simulate_environment.py | 103] INFO: cur time: 2023-11-03 14:20:00, pre time: 2023-11-03 14:10:00
2023-11-03 08:42:08,746 [simulate_environment.py | 140] INFO: Start to update the input of 2023-11-03 14:20:00
2023-11-03 08:42:08,754 [simulate_environment.py | 167] INFO: Get 33 unallocated order items, 31 ongoing order items, 131 completed order items
2023-11-03 08:42:10,362 [simulate_environment.py | 253] INFO: 2023-11-03 14:20:00, Item 0958350034-1: state = 1 < 2, we can not finish the simulation
2023-11-03 08:42:10,362 [simulate_environment.py | 99] INFO: **************************************************
2023-11-03 08:42:10,362 [simulate_environment.py | 103] INFO: cur time: 2023-11-03 14:30:00, pre time: 2023-11-03 14:20:00
2023-11-03 08:42:10,370 [simulate_environment.py | 140] INFO: Start to update the input of 2023-11-03 14:30:00
2023-11-03 08:42:10,379 [simulate_environment.py | 167] INFO: Get 33 unallocated order items, 28 ongoing order items, 135 completed order items
2023-11-03 08:42:11,982 [simulate_environment.py | 253] INFO: 2023-11-03 14:30:00, Item 0958350034-1: state = 1 < 2, we can not finish the simulation
2023-11-03 08:42:11,982 [simulate_environment.py | 99] INFO: **************************************************
2023-11-03 08:42:11,984 [simulate_environment.py | 103] INFO: cur time: 2023-11-03 14:40:00, pre time: 2023-11-03 14:30:00
2023-11-03 08:42:11,984 [simulate_environment.py | 140] INFO: Start to update the input of 2023-11-03 14:40:00
2023-11-03 08:42:11,989 [simulate_environment.py | 167] INFO: Get 52 unallocated order items, 28 ongoing order items, 135 completed order items
2023-11-03 08:42:13,632 [simulate_environment.py | 253] INFO: 2023-11-03 14:40:00, Item 0958350034-1: state = 1 < 2, we can not finish the simulation
2023-11-03 08:42:13,640 [simulate_environment.py | 99] INFO: **************************************************
2023-11-03 08:42:13,640 [simulate_environment.py | 103] INFO: cur time: 2023-11-03 14:50:00, pre time: 2023-11-03 14:40:00
2023-11-03 08:42:13,640 [simulate_environment.py | 140] INFO: Start to update the input of 2023-11-03 14:50:00
2023-11-03 08:42:13,645 [simulate_environment.py | 167] INFO: Get 53 unallocated order items, 26 ongoing order items, 137 completed order items
2023-11-03 08:42:15,427 [simulate_environment.py | 253] INFO: 2023-11-03 14:50:00, Item 0958350034-1: state = 1 < 2, we can not finish the simulation
2023-11-03 08:42:15,427 [simulate_environment.py | 99] INFO: **************************************************
2023-11-03 08:42:15,427 [simulate_environment.py | 103] INFO: cur time: 2023-11-03 15:00:00, pre time: 2023-11-03 14:50:00
2023-11-03 08:42:15,427 [simulate_environment.py | 140] INFO: Start to update the input of 2023-11-03 15:00:00
2023-11-03 08:42:15,442 [simulate_environment.py | 167] INFO: Get 50 unallocated order items, 30 ongoing order items, 137 completed order items
2023-11-03 08:42:17,229 [simulate_environment.py | 253] INFO: 2023-11-03 15:00:00, Item 1110120040-1: state = 1 < 2, we can not finish the simulation
2023-11-03 08:42:17,229 [simulate_environment.py | 99] INFO: **************************************************
2023-11-03 08:42:17,229 [simulate_environment.py | 103] INFO: cur time: 2023-11-03 15:10:00, pre time: 2023-11-03 15:00:00
2023-11-03 08:42:17,237 [simulate_environment.py | 140] INFO: Start to update the input of 2023-11-03 15:10:00
2023-11-03 08:42:17,238 [simulate_environment.py | 167] INFO: Get 51 unallocated order items, 5 ongoing order items, 162 completed order items
2023-11-03 08:42:19,056 [simulate_environment.py | 253] INFO: 2023-11-03 15:10:00, Item 1110120040-1: state = 1 < 2, we can not finish the simulation
2023-11-03 08:42:19,056 [simulate_environment.py | 99] INFO: **************************************************
2023-11-03 08:42:19,056 [simulate_environment.py | 103] INFO: cur time: 2023-11-03 15:20:00, pre time: 2023-11-03 15:10:00
2023-11-03 08:42:19,056 [simulate_environment.py | 140] INFO: Start to update the input of 2023-11-03 15:20:00
2023-11-03 08:42:19,067 [simulate_environment.py | 167] INFO: Get 53 unallocated order items, 5 ongoing order items, 162 completed order items
2023-11-03 08:42:20,814 [simulate_environment.py | 253] INFO: 2023-11-03 15:20:00, Item 1110120040-1: state = 1 < 2, we can not finish the simulation
2023-11-03 08:42:20,822 [simulate_environment.py | 297] ERROR: 2023-11-03 15:20:00, Item 1114040043-1's committed_completion_time is 2023-11-03 15:14:04 which has timed out, however it is still ignored in the dispatch result.
2023-11-03 08:42:20,822 [simulate_environment.py | 129] ERROR: Simulator terminated
