2023-11-05 19:35:56,399 [main.py         | 48] INFO: Start to run instance_11
2023-11-05 19:35:56,399 [simulate_api.py | 60] INFO: Start time of the simulator: 2023-11-05 00:00:00, time interval:  600.00
2023-11-05 19:35:56,418 [input_utils.py  | 47] INFO: Get 154 factories
2023-11-05 19:35:57,369 [input_utils.py  | 51] INFO: Get 23562 routes
2023-11-05 19:35:57,421 [input_utils.py  | 56] INFO: Get 5 vehicles
2023-11-05 19:35:57,433 [input_utils.py  | 60] INFO: Get 100 orders
2023-11-05 19:35:57,433 [simulate_api.py | 87] INFO: Initial position of V_1 is e2d5093fbe36431f8986ddb0e1c586be
2023-11-05 19:35:57,434 [simulate_api.py | 87] INFO: Initial position of V_2 is 7fe14b93f0f04ee7a994ef5b2c1fdb72
2023-11-05 19:35:57,434 [simulate_api.py | 87] INFO: Initial position of V_3 is fa366fc87a124d32926daa5bb093129f
2023-11-05 19:35:57,434 [simulate_api.py | 87] INFO: Initial position of V_4 is e47399648fa842b2b8f80094343d8091
2023-11-05 19:35:57,435 [simulate_api.py | 87] INFO: Initial position of V_5 is becb4f85393540b287e7329758b8d832
2023-11-05 19:35:57,435 [simulate_environment.py | 115] INFO: **************************************************
2023-11-05 19:35:57,436 [simulate_environment.py | 119] INFO: cur time: 2023-11-05 00:10:00, pre time: 2023-11-05 00:00:00
2023-11-05 19:35:57,436 [simulate_environment.py | 157] INFO: Start to update the input of 2023-11-05 00:10:00
2023-11-05 19:35:57,437 [simulate_environment.py | 184] INFO: Get 4 unallocated order items, 0 ongoing order items, 0 completed order items
2023-11-05 19:35:58,977 [simulate_environment.py | 273] INFO: 2023-11-05 00:10:00, Item 0001210001-1: state = 1 < 2, we can not finish the simulation
2023-11-05 19:35:58,978 [evaluator.py    | 64] INFO: Traveling Distance of Vehicle V_1 is  0.000, visited node list: 2
2023-11-05 19:35:58,978 [evaluator.py    | 64] INFO: Traveling Distance of Vehicle V_2 is  0.000, visited node list: 2
2023-11-05 19:35:58,979 [evaluator.py    | 64] INFO: Traveling Distance of Vehicle V_3 is  0.000, visited node list: 2
2023-11-05 19:35:58,979 [evaluator.py    | 64] INFO: Traveling Distance of Vehicle V_4 is  0.000, visited node list: 2
2023-11-05 19:35:58,979 [evaluator.py    | 64] INFO: Traveling Distance of Vehicle V_5 is  0.000, visited node list: 2
2023-11-05 19:35:58,980 [simulate_environment.py | 115] INFO: **************************************************
2023-11-05 19:35:58,980 [simulate_environment.py | 119] INFO: cur time: 2023-11-05 00:20:00, pre time: 2023-11-05 00:10:00
2023-11-05 19:35:58,981 [simulate_environment.py | 157] INFO: Start to update the input of 2023-11-05 00:20:00
2023-11-05 19:35:58,981 [simulate_environment.py | 184] INFO: Get 5 unallocated order items, 0 ongoing order items, 0 completed order items
2023-11-05 19:36:00,503 [simulate_environment.py | 273] INFO: 2023-11-05 00:20:00, Item 0001210001-1: state = 1 < 2, we can not finish the simulation
2023-11-05 19:36:00,503 [evaluator.py    | 64] INFO: Traveling Distance of Vehicle V_1 is  0.000, visited node list: 3
2023-11-05 19:36:00,519 [evaluator.py    | 64] INFO: Traveling Distance of Vehicle V_2 is  0.000, visited node list: 3
2023-11-05 19:36:00,519 [evaluator.py    | 64] INFO: Traveling Distance of Vehicle V_3 is  0.000, visited node list: 3
2023-11-05 19:36:00,519 [evaluator.py    | 64] INFO: Traveling Distance of Vehicle V_4 is  0.000, visited node list: 3
2023-11-05 19:36:00,519 [evaluator.py    | 64] INFO: Traveling Distance of Vehicle V_5 is  0.000, visited node list: 3
2023-11-05 19:36:00,520 [simulate_environment.py | 115] INFO: **************************************************
2023-11-05 19:36:00,520 [simulate_environment.py | 119] INFO: cur time: 2023-11-05 00:30:00, pre time: 2023-11-05 00:20:00
2023-11-05 19:36:00,520 [simulate_environment.py | 157] INFO: Start to update the input of 2023-11-05 00:30:00
2023-11-05 19:36:00,522 [simulate_environment.py | 184] INFO: Get 12 unallocated order items, 0 ongoing order items, 0 completed order items
2023-11-05 19:36:02,093 [simulate_environment.py | 273] INFO: 2023-11-05 00:30:00, Item 0001210001-1: state = 1 < 2, we can not finish the simulation
2023-11-05 19:36:02,093 [evaluator.py    | 64] INFO: Traveling Distance of Vehicle V_1 is  0.000, visited node list: 4
2023-11-05 19:36:02,093 [evaluator.py    | 64] INFO: Traveling Distance of Vehicle V_2 is  0.000, visited node list: 4
2023-11-05 19:36:02,093 [evaluator.py    | 64] INFO: Traveling Distance of Vehicle V_3 is  0.000, visited node list: 4
2023-11-05 19:36:02,102 [evaluator.py    | 64] INFO: Traveling Distance of Vehicle V_4 is  0.000, visited node list: 4
2023-11-05 19:36:02,102 [evaluator.py    | 64] INFO: Traveling Distance of Vehicle V_5 is  0.000, visited node list: 4
2023-11-05 19:36:02,102 [simulate_environment.py | 115] INFO: **************************************************
2023-11-05 19:36:02,102 [simulate_environment.py | 119] INFO: cur time: 2023-11-05 00:40:00, pre time: 2023-11-05 00:30:00
2023-11-05 19:36:02,103 [simulate_environment.py | 157] INFO: Start to update the input of 2023-11-05 00:40:00
2023-11-05 19:36:02,104 [simulate_environment.py | 184] INFO: Get 12 unallocated order items, 0 ongoing order items, 0 completed order items
2023-11-05 19:36:03,678 [simulate_environment.py | 273] INFO: 2023-11-05 00:40:00, Item 0001210001-1: state = 1 < 2, we can not finish the simulation
2023-11-05 19:36:03,678 [evaluator.py    | 64] INFO: Traveling Distance of Vehicle V_1 is  0.000, visited node list: 5
2023-11-05 19:36:03,678 [evaluator.py    | 64] INFO: Traveling Distance of Vehicle V_2 is  0.000, visited node list: 5
2023-11-05 19:36:03,678 [evaluator.py    | 64] INFO: Traveling Distance of Vehicle V_3 is  0.000, visited node list: 5
2023-11-05 19:36:03,681 [evaluator.py    | 64] INFO: Traveling Distance of Vehicle V_4 is  0.000, visited node list: 5
2023-11-05 19:36:03,681 [evaluator.py    | 64] INFO: Traveling Distance of Vehicle V_5 is  0.000, visited node list: 5
2023-11-05 19:36:03,681 [simulate_environment.py | 115] INFO: **************************************************
2023-11-05 19:36:03,681 [simulate_environment.py | 119] INFO: cur time: 2023-11-05 00:50:00, pre time: 2023-11-05 00:40:00
2023-11-05 19:36:03,682 [simulate_environment.py | 157] INFO: Start to update the input of 2023-11-05 00:50:00
2023-11-05 19:36:03,682 [simulate_environment.py | 184] INFO: Get 14 unallocated order items, 0 ongoing order items, 0 completed order items
2023-11-05 19:36:05,227 [simulate_environment.py | 273] INFO: 2023-11-05 00:50:00, Item 0001210001-1: state = 1 < 2, we can not finish the simulation
2023-11-05 19:36:05,227 [evaluator.py    | 64] INFO: Traveling Distance of Vehicle V_1 is  0.000, visited node list: 6
2023-11-05 19:36:05,227 [evaluator.py    | 64] INFO: Traveling Distance of Vehicle V_2 is  0.000, visited node list: 6
2023-11-05 19:36:05,230 [evaluator.py    | 64] INFO: Traveling Distance of Vehicle V_3 is  0.000, visited node list: 6
2023-11-05 19:36:05,230 [evaluator.py    | 64] INFO: Traveling Distance of Vehicle V_4 is  0.000, visited node list: 6
2023-11-05 19:36:05,230 [evaluator.py    | 64] INFO: Traveling Distance of Vehicle V_5 is  0.000, visited node list: 6
2023-11-05 19:36:05,230 [simulate_environment.py | 115] INFO: **************************************************
2023-11-05 19:36:05,231 [simulate_environment.py | 119] INFO: cur time: 2023-11-05 01:00:00, pre time: 2023-11-05 00:50:00
2023-11-05 19:36:05,231 [simulate_environment.py | 157] INFO: Start to update the input of 2023-11-05 01:00:00
2023-11-05 19:36:05,232 [simulate_environment.py | 184] INFO: Get 14 unallocated order items, 0 ongoing order items, 0 completed order items
2023-11-05 19:36:06,808 [simulate_environment.py | 273] INFO: 2023-11-05 01:00:00, Item 0001210001-1: state = 1 < 2, we can not finish the simulation
2023-11-05 19:36:06,808 [evaluator.py    | 64] INFO: Traveling Distance of Vehicle V_1 is  0.000, visited node list: 7
2023-11-05 19:36:06,809 [evaluator.py    | 64] INFO: Traveling Distance of Vehicle V_2 is  0.000, visited node list: 7
2023-11-05 19:36:06,809 [evaluator.py    | 64] INFO: Traveling Distance of Vehicle V_3 is  0.000, visited node list: 7
2023-11-05 19:36:06,809 [evaluator.py    | 64] INFO: Traveling Distance of Vehicle V_4 is  0.000, visited node list: 7
2023-11-05 19:36:06,810 [evaluator.py    | 64] INFO: Traveling Distance of Vehicle V_5 is  0.000, visited node list: 7
2023-11-05 19:36:06,810 [simulate_environment.py | 115] INFO: **************************************************
2023-11-05 19:36:06,810 [simulate_environment.py | 119] INFO: cur time: 2023-11-05 01:10:00, pre time: 2023-11-05 01:00:00
2023-11-05 19:36:06,810 [simulate_environment.py | 157] INFO: Start to update the input of 2023-11-05 01:10:00
2023-11-05 19:36:06,811 [simulate_environment.py | 184] INFO: Get 14 unallocated order items, 0 ongoing order items, 0 completed order items
2023-11-05 19:36:08,502 [simulate_environment.py | 273] INFO: 2023-11-05 01:10:00, Item 0001210001-1: state = 1 < 2, we can not finish the simulation
2023-11-05 19:36:08,503 [evaluator.py    | 64] INFO: Traveling Distance of Vehicle V_1 is  0.000, visited node list: 8
2023-11-05 19:36:08,504 [evaluator.py    | 64] INFO: Traveling Distance of Vehicle V_2 is  0.000, visited node list: 8
2023-11-05 19:36:08,504 [evaluator.py    | 64] INFO: Traveling Distance of Vehicle V_3 is  0.000, visited node list: 8
2023-11-05 19:36:08,504 [evaluator.py    | 64] INFO: Traveling Distance of Vehicle V_4 is  0.000, visited node list: 8
2023-11-05 19:36:08,505 [evaluator.py    | 64] INFO: Traveling Distance of Vehicle V_5 is  0.000, visited node list: 8
2023-11-05 19:36:08,505 [simulate_environment.py | 115] INFO: **************************************************
2023-11-05 19:36:08,505 [simulate_environment.py | 119] INFO: cur time: 2023-11-05 01:20:00, pre time: 2023-11-05 01:10:00
2023-11-05 19:36:08,505 [simulate_environment.py | 157] INFO: Start to update the input of 2023-11-05 01:20:00
2023-11-05 19:36:08,506 [simulate_environment.py | 184] INFO: Get 14 unallocated order items, 0 ongoing order items, 0 completed order items
2023-11-05 19:36:10,225 [simulate_environment.py | 273] INFO: 2023-11-05 01:20:00, Item 0001210001-1: state = 1 < 2, we can not finish the simulation
2023-11-05 19:36:10,225 [evaluator.py    | 64] INFO: Traveling Distance of Vehicle V_1 is  0.000, visited node list: 9
2023-11-05 19:36:10,226 [evaluator.py    | 64] INFO: Traveling Distance of Vehicle V_2 is  0.000, visited node list: 9
2023-11-05 19:36:10,227 [evaluator.py    | 64] INFO: Traveling Distance of Vehicle V_3 is  0.000, visited node list: 9
2023-11-05 19:36:10,227 [evaluator.py    | 64] INFO: Traveling Distance of Vehicle V_4 is  0.000, visited node list: 9
2023-11-05 19:36:10,227 [evaluator.py    | 64] INFO: Traveling Distance of Vehicle V_5 is  0.000, visited node list: 9
2023-11-05 19:36:10,228 [simulate_environment.py | 115] INFO: **************************************************
2023-11-05 19:36:10,228 [simulate_environment.py | 119] INFO: cur time: 2023-11-05 01:30:00, pre time: 2023-11-05 01:20:00
2023-11-05 19:36:10,228 [simulate_environment.py | 157] INFO: Start to update the input of 2023-11-05 01:30:00
2023-11-05 19:36:10,229 [simulate_environment.py | 184] INFO: Get 14 unallocated order items, 0 ongoing order items, 0 completed order items
2023-11-05 19:36:11,894 [simulate_environment.py | 273] INFO: 2023-11-05 01:30:00, Item 0001210001-1: state = 1 < 2, we can not finish the simulation
2023-11-05 19:36:11,894 [evaluator.py    | 64] INFO: Traveling Distance of Vehicle V_1 is  0.000, visited node list: 10
2023-11-05 19:36:11,894 [evaluator.py    | 64] INFO: Traveling Distance of Vehicle V_2 is  0.000, visited node list: 10
2023-11-05 19:36:11,908 [evaluator.py    | 64] INFO: Traveling Distance of Vehicle V_3 is  0.000, visited node list: 10
2023-11-05 19:36:11,908 [evaluator.py    | 64] INFO: Traveling Distance of Vehicle V_4 is  0.000, visited node list: 10
2023-11-05 19:36:11,909 [evaluator.py    | 64] INFO: Traveling Distance of Vehicle V_5 is  0.000, visited node list: 10
2023-11-05 19:36:11,909 [simulate_environment.py | 115] INFO: **************************************************
2023-11-05 19:36:11,910 [simulate_environment.py | 119] INFO: cur time: 2023-11-05 01:40:00, pre time: 2023-11-05 01:30:00
2023-11-05 19:36:11,910 [simulate_environment.py | 157] INFO: Start to update the input of 2023-11-05 01:40:00
2023-11-05 19:36:11,911 [simulate_environment.py | 184] INFO: Get 14 unallocated order items, 0 ongoing order items, 0 completed order items
2023-11-05 19:36:13,448 [simulate_environment.py | 273] INFO: 2023-11-05 01:40:00, Item 0001210001-1: state = 1 < 2, we can not finish the simulation
2023-11-05 19:36:13,448 [evaluator.py    | 64] INFO: Traveling Distance of Vehicle V_1 is  0.000, visited node list: 11
2023-11-05 19:36:13,448 [evaluator.py    | 64] INFO: Traveling Distance of Vehicle V_2 is  0.000, visited node list: 11
2023-11-05 19:36:13,461 [evaluator.py    | 64] INFO: Traveling Distance of Vehicle V_3 is  0.000, visited node list: 11
2023-11-05 19:36:13,461 [evaluator.py    | 64] INFO: Traveling Distance of Vehicle V_4 is  0.000, visited node list: 11
2023-11-05 19:36:13,461 [evaluator.py    | 64] INFO: Traveling Distance of Vehicle V_5 is  0.000, visited node list: 11
2023-11-05 19:36:13,462 [simulate_environment.py | 115] INFO: **************************************************
2023-11-05 19:36:13,462 [simulate_environment.py | 119] INFO: cur time: 2023-11-05 01:50:00, pre time: 2023-11-05 01:40:00
2023-11-05 19:36:13,462 [simulate_environment.py | 157] INFO: Start to update the input of 2023-11-05 01:50:00
2023-11-05 19:36:13,463 [simulate_environment.py | 184] INFO: Get 14 unallocated order items, 0 ongoing order items, 0 completed order items
2023-11-05 19:36:15,012 [simulate_environment.py | 273] INFO: 2023-11-05 01:50:00, Item 0001210001-1: state = 1 < 2, we can not finish the simulation
2023-11-05 19:36:15,012 [evaluator.py    | 64] INFO: Traveling Distance of Vehicle V_1 is  0.000, visited node list: 12
2023-11-05 19:36:15,012 [evaluator.py    | 64] INFO: Traveling Distance of Vehicle V_2 is  0.000, visited node list: 12
2023-11-05 19:36:15,021 [evaluator.py    | 64] INFO: Traveling Distance of Vehicle V_3 is  0.000, visited node list: 12
2023-11-05 19:36:15,021 [evaluator.py    | 64] INFO: Traveling Distance of Vehicle V_4 is  0.000, visited node list: 12
2023-11-05 19:36:15,021 [evaluator.py    | 64] INFO: Traveling Distance of Vehicle V_5 is  0.000, visited node list: 12
2023-11-05 19:36:15,022 [simulate_environment.py | 115] INFO: **************************************************
2023-11-05 19:36:15,022 [simulate_environment.py | 119] INFO: cur time: 2023-11-05 02:00:00, pre time: 2023-11-05 01:50:00
2023-11-05 19:36:15,022 [simulate_environment.py | 157] INFO: Start to update the input of 2023-11-05 02:00:00
2023-11-05 19:36:15,023 [simulate_environment.py | 184] INFO: Get 14 unallocated order items, 0 ongoing order items, 0 completed order items
2023-11-05 19:36:16,602 [simulate_environment.py | 273] INFO: 2023-11-05 02:00:00, Item 0001210001-1: state = 1 < 2, we can not finish the simulation
2023-11-05 19:36:16,602 [evaluator.py    | 64] INFO: Traveling Distance of Vehicle V_1 is  0.000, visited node list: 13
2023-11-05 19:36:16,602 [evaluator.py    | 64] INFO: Traveling Distance of Vehicle V_2 is  0.000, visited node list: 13
2023-11-05 19:36:16,602 [evaluator.py    | 64] INFO: Traveling Distance of Vehicle V_3 is  0.000, visited node list: 13
2023-11-05 19:36:16,612 [evaluator.py    | 64] INFO: Traveling Distance of Vehicle V_4 is  0.000, visited node list: 13
2023-11-05 19:36:16,612 [evaluator.py    | 64] INFO: Traveling Distance of Vehicle V_5 is  0.000, visited node list: 13
2023-11-05 19:36:16,612 [simulate_environment.py | 115] INFO: **************************************************
2023-11-05 19:36:16,613 [simulate_environment.py | 119] INFO: cur time: 2023-11-05 02:10:00, pre time: 2023-11-05 02:00:00
2023-11-05 19:36:16,613 [simulate_environment.py | 157] INFO: Start to update the input of 2023-11-05 02:10:00
2023-11-05 19:36:16,629 [simulate_environment.py | 184] INFO: Get 15 unallocated order items, 0 ongoing order items, 0 completed order items
2023-11-05 19:36:18,176 [simulate_environment.py | 273] INFO: 2023-11-05 02:10:00, Item 0001210001-1: state = 1 < 2, we can not finish the simulation
2023-11-05 19:36:18,176 [evaluator.py    | 64] INFO: Traveling Distance of Vehicle V_1 is  0.000, visited node list: 14
2023-11-05 19:36:18,176 [evaluator.py    | 64] INFO: Traveling Distance of Vehicle V_2 is  0.000, visited node list: 14
2023-11-05 19:36:18,186 [evaluator.py    | 64] INFO: Traveling Distance of Vehicle V_3 is  0.000, visited node list: 14
2023-11-05 19:36:18,186 [evaluator.py    | 64] INFO: Traveling Distance of Vehicle V_4 is  0.000, visited node list: 14
2023-11-05 19:36:18,186 [evaluator.py    | 64] INFO: Traveling Distance of Vehicle V_5 is  0.000, visited node list: 14
2023-11-05 19:36:18,187 [simulate_environment.py | 115] INFO: **************************************************
2023-11-05 19:36:18,187 [simulate_environment.py | 119] INFO: cur time: 2023-11-05 02:20:00, pre time: 2023-11-05 02:10:00
2023-11-05 19:36:18,187 [simulate_environment.py | 157] INFO: Start to update the input of 2023-11-05 02:20:00
2023-11-05 19:36:18,191 [simulate_environment.py | 184] INFO: Get 15 unallocated order items, 0 ongoing order items, 0 completed order items
2023-11-05 19:36:19,736 [simulate_environment.py | 273] INFO: 2023-11-05 02:20:00, Item 0001210001-1: state = 1 < 2, we can not finish the simulation
2023-11-05 19:36:19,736 [evaluator.py    | 64] INFO: Traveling Distance of Vehicle V_1 is  0.000, visited node list: 15
2023-11-05 19:36:19,736 [evaluator.py    | 64] INFO: Traveling Distance of Vehicle V_2 is  0.000, visited node list: 15
2023-11-05 19:36:19,745 [evaluator.py    | 64] INFO: Traveling Distance of Vehicle V_3 is  0.000, visited node list: 15
2023-11-05 19:36:19,745 [evaluator.py    | 64] INFO: Traveling Distance of Vehicle V_4 is  0.000, visited node list: 15
2023-11-05 19:36:19,745 [evaluator.py    | 64] INFO: Traveling Distance of Vehicle V_5 is  0.000, visited node list: 14
2023-11-05 19:36:19,745 [simulate_environment.py | 115] INFO: **************************************************
2023-11-05 19:36:19,746 [simulate_environment.py | 119] INFO: cur time: 2023-11-05 02:30:00, pre time: 2023-11-05 02:20:00
2023-11-05 19:36:19,746 [simulate_environment.py | 157] INFO: Start to update the input of 2023-11-05 02:30:00
2023-11-05 19:36:19,754 [simulate_environment.py | 184] INFO: Get 15 unallocated order items, 0 ongoing order items, 0 completed order items
2023-11-05 19:36:21,295 [simulate_environment.py | 273] INFO: 2023-11-05 02:30:00, Item 0001210001-1: state = 1 < 2, we can not finish the simulation
2023-11-05 19:36:21,295 [evaluator.py    | 64] INFO: Traveling Distance of Vehicle V_1 is  0.000, visited node list: 16
2023-11-05 19:36:21,295 [evaluator.py    | 64] INFO: Traveling Distance of Vehicle V_2 is  0.000, visited node list: 16
2023-11-05 19:36:21,295 [evaluator.py    | 64] INFO: Traveling Distance of Vehicle V_3 is  0.000, visited node list: 16
2023-11-05 19:36:21,310 [evaluator.py    | 64] INFO: Traveling Distance of Vehicle V_4 is  0.000, visited node list: 16
2023-11-05 19:36:21,310 [evaluator.py    | 64] INFO: Traveling Distance of Vehicle V_5 is  0.000, visited node list: 14
2023-11-05 19:36:21,311 [simulate_environment.py | 115] INFO: **************************************************
2023-11-05 19:36:21,311 [simulate_environment.py | 119] INFO: cur time: 2023-11-05 02:40:00, pre time: 2023-11-05 02:30:00
2023-11-05 19:36:21,311 [simulate_environment.py | 157] INFO: Start to update the input of 2023-11-05 02:40:00
2023-11-05 19:36:21,316 [simulate_environment.py | 184] INFO: Get 10 unallocated order items, 6 ongoing order items, 0 completed order items
2023-11-05 19:36:22,883 [simulate_environment.py | 273] INFO: 2023-11-05 02:40:00, Item 0017140003-1: state = 1 < 2, we can not finish the simulation
2023-11-05 19:36:22,883 [evaluator.py    | 64] INFO: Traveling Distance of Vehicle V_1 is  0.000, visited node list: 17
2023-11-05 19:36:22,884 [evaluator.py    | 64] INFO: Traveling Distance of Vehicle V_2 is  0.000, visited node list: 17
2023-11-05 19:36:22,884 [evaluator.py    | 64] INFO: Traveling Distance of Vehicle V_3 is  0.000, visited node list: 17
2023-11-05 19:36:22,885 [evaluator.py    | 64] INFO: Traveling Distance of Vehicle V_4 is  0.000, visited node list: 17
2023-11-05 19:36:22,885 [evaluator.py    | 64] INFO: Traveling Distance of Vehicle V_5 is  0.000, visited node list: 14
2023-11-05 19:36:22,885 [simulate_environment.py | 115] INFO: **************************************************
2023-11-05 19:36:22,885 [simulate_environment.py | 119] INFO: cur time: 2023-11-05 02:50:00, pre time: 2023-11-05 02:40:00
2023-11-05 19:36:22,886 [simulate_environment.py | 157] INFO: Start to update the input of 2023-11-05 02:50:00
2023-11-05 19:36:22,895 [simulate_environment.py | 184] INFO: Get 6 unallocated order items, 10 ongoing order items, 0 completed order items
2023-11-05 19:36:24,461 [simulate_environment.py | 273] INFO: 2023-11-05 02:50:00, Item 0017140003-1: state = 1 < 2, we can not finish the simulation
2023-11-05 19:36:24,461 [evaluator.py    | 64] INFO: Traveling Distance of Vehicle V_1 is  0.000, visited node list: 18
2023-11-05 19:36:24,467 [evaluator.py    | 64] INFO: Traveling Distance of Vehicle V_2 is  0.000, visited node list: 17
2023-11-05 19:36:24,467 [evaluator.py    | 64] INFO: Traveling Distance of Vehicle V_3 is  0.000, visited node list: 17
2023-11-05 19:36:24,468 [evaluator.py    | 64] INFO: Traveling Distance of Vehicle V_4 is  0.000, visited node list: 18
2023-11-05 19:36:24,468 [evaluator.py    | 64] INFO: Traveling Distance of Vehicle V_5 is  0.000, visited node list: 14
2023-11-05 19:36:24,468 [simulate_environment.py | 115] INFO: **************************************************
2023-11-05 19:36:24,469 [simulate_environment.py | 119] INFO: cur time: 2023-11-05 03:00:00, pre time: 2023-11-05 02:50:00
2023-11-05 19:36:24,469 [simulate_environment.py | 157] INFO: Start to update the input of 2023-11-05 03:00:00
2023-11-05 19:36:24,473 [simulate_environment.py | 184] INFO: Get 7 unallocated order items, 10 ongoing order items, 0 completed order items
2023-11-05 19:36:26,019 [simulate_environment.py | 273] INFO: 2023-11-05 03:00:00, Item 0017140003-1: state = 1 < 2, we can not finish the simulation
2023-11-05 19:36:26,019 [evaluator.py    | 64] INFO: Traveling Distance of Vehicle V_1 is  0.000, visited node list: 18
2023-11-05 19:36:26,019 [evaluator.py    | 64] INFO: Traveling Distance of Vehicle V_2 is  0.000, visited node list: 17
2023-11-05 19:36:26,019 [evaluator.py    | 64] INFO: Traveling Distance of Vehicle V_3 is  0.000, visited node list: 17
2023-11-05 19:36:26,024 [evaluator.py    | 64] INFO: Traveling Distance of Vehicle V_4 is  0.000, visited node list: 18
2023-11-05 19:36:26,024 [evaluator.py    | 64] INFO: Traveling Distance of Vehicle V_5 is  0.000, visited node list: 14
2023-11-05 19:36:26,024 [simulate_environment.py | 115] INFO: **************************************************
2023-11-05 19:36:26,025 [simulate_environment.py | 119] INFO: cur time: 2023-11-05 03:10:00, pre time: 2023-11-05 03:00:00
2023-11-05 19:36:26,025 [simulate_environment.py | 157] INFO: Start to update the input of 2023-11-05 03:10:00
2023-11-05 19:36:26,035 [simulate_environment.py | 184] INFO: Get 6 unallocated order items, 11 ongoing order items, 0 completed order items
2023-11-05 19:36:27,574 [simulate_environment.py | 273] INFO: 2023-11-05 03:10:00, Item 0020420004-1: state = 1 < 2, we can not finish the simulation
2023-11-05 19:36:27,574 [evaluator.py    | 64] INFO: Traveling Distance of Vehicle V_1 is  0.000, visited node list: 18
2023-11-05 19:36:27,574 [evaluator.py    | 64] INFO: Traveling Distance of Vehicle V_2 is  0.000, visited node list: 17
2023-11-05 19:36:27,587 [evaluator.py    | 64] INFO: Traveling Distance of Vehicle V_3 is  0.000, visited node list: 17
2023-11-05 19:36:27,587 [evaluator.py    | 64] INFO: Traveling Distance of Vehicle V_4 is  0.000, visited node list: 18
2023-11-05 19:36:27,587 [evaluator.py    | 64] INFO: Traveling Distance of Vehicle V_5 is  15.200, visited node list: 15
2023-11-05 19:36:27,587 [simulate_environment.py | 115] INFO: **************************************************
2023-11-05 19:36:27,588 [simulate_environment.py | 119] INFO: cur time: 2023-11-05 03:20:00, pre time: 2023-11-05 03:10:00
2023-11-05 19:36:27,588 [simulate_environment.py | 157] INFO: Start to update the input of 2023-11-05 03:20:00
2023-11-05 19:36:27,597 [simulate_environment.py | 184] INFO: Get 8 unallocated order items, 7 ongoing order items, 4 completed order items
2023-11-05 19:36:29,177 [simulate_environment.py | 273] INFO: 2023-11-05 03:20:00, Item 0020420004-1: state = 1 < 2, we can not finish the simulation
2023-11-05 19:36:29,178 [evaluator.py    | 64] INFO: Traveling Distance of Vehicle V_1 is  0.000, visited node list: 18
2023-11-05 19:36:29,179 [evaluator.py    | 64] INFO: Traveling Distance of Vehicle V_2 is  0.000, visited node list: 17
2023-11-05 19:36:29,179 [evaluator.py    | 64] INFO: Traveling Distance of Vehicle V_3 is  2.100, visited node list: 18
2023-11-05 19:36:29,179 [evaluator.py    | 64] INFO: Traveling Distance of Vehicle V_4 is  0.000, visited node list: 18
2023-11-05 19:36:29,180 [evaluator.py    | 64] INFO: Traveling Distance of Vehicle V_5 is  15.200, visited node list: 15
2023-11-05 19:36:29,180 [simulate_environment.py | 115] INFO: **************************************************
2023-11-05 19:36:29,180 [simulate_environment.py | 119] INFO: cur time: 2023-11-05 03:30:00, pre time: 2023-11-05 03:20:00
2023-11-05 19:36:29,181 [simulate_environment.py | 157] INFO: Start to update the input of 2023-11-05 03:30:00
2023-11-05 19:36:29,191 [simulate_environment.py | 184] INFO: Get 10 unallocated order items, 7 ongoing order items, 4 completed order items
2023-11-05 19:36:30,790 [simulate_environment.py | 273] INFO: 2023-11-05 03:30:00, Item 0020420004-1: state = 1 < 2, we can not finish the simulation
2023-11-05 19:36:30,790 [evaluator.py    | 64] INFO: Traveling Distance of Vehicle V_1 is  0.000, visited node list: 18
2023-11-05 19:36:30,790 [evaluator.py    | 64] INFO: Traveling Distance of Vehicle V_2 is  8.400, visited node list: 18
2023-11-05 19:36:30,803 [evaluator.py    | 64] INFO: Traveling Distance of Vehicle V_3 is  2.100, visited node list: 18
2023-11-05 19:36:30,803 [evaluator.py    | 64] INFO: Traveling Distance of Vehicle V_4 is  0.000, visited node list: 18
2023-11-05 19:36:30,803 [evaluator.py    | 64] INFO: Traveling Distance of Vehicle V_5 is  15.200, visited node list: 15
2023-11-05 19:36:30,804 [simulate_environment.py | 115] INFO: **************************************************
2023-11-05 19:36:30,804 [simulate_environment.py | 119] INFO: cur time: 2023-11-05 03:40:00, pre time: 2023-11-05 03:30:00
2023-11-05 19:36:30,805 [simulate_environment.py | 157] INFO: Start to update the input of 2023-11-05 03:40:00
2023-11-05 19:36:30,816 [simulate_environment.py | 184] INFO: Get 10 unallocated order items, 5 ongoing order items, 6 completed order items
2023-11-05 19:36:32,379 [simulate_environment.py | 273] INFO: 2023-11-05 03:40:00, Item 0020420004-1: state = 1 < 2, we can not finish the simulation
2023-11-05 19:36:32,380 [evaluator.py    | 64] INFO: Traveling Distance of Vehicle V_1 is  0.000, visited node list: 18
2023-11-05 19:36:32,380 [evaluator.py    | 64] INFO: Traveling Distance of Vehicle V_2 is  8.400, visited node list: 18
2023-11-05 19:36:32,380 [evaluator.py    | 64] INFO: Traveling Distance of Vehicle V_3 is  2.100, visited node list: 18
2023-11-05 19:36:32,381 [evaluator.py    | 64] INFO: Traveling Distance of Vehicle V_4 is  12.400, visited node list: 19
2023-11-05 19:36:32,381 [evaluator.py    | 64] INFO: Traveling Distance of Vehicle V_5 is  15.200, visited node list: 15
2023-11-05 19:36:32,382 [simulate_environment.py | 115] INFO: **************************************************
2023-11-05 19:36:32,382 [simulate_environment.py | 119] INFO: cur time: 2023-11-05 03:50:00, pre time: 2023-11-05 03:40:00
2023-11-05 19:36:32,382 [simulate_environment.py | 157] INFO: Start to update the input of 2023-11-05 03:50:00
2023-11-05 19:36:32,394 [simulate_environment.py | 184] INFO: Get 15 unallocated order items, 1 ongoing order items, 10 completed order items
2023-11-05 19:36:33,973 [simulate_environment.py | 273] INFO: 2023-11-05 03:50:00, Item 0020420004-1: state = 1 < 2, we can not finish the simulation
2023-11-05 19:36:33,973 [evaluator.py    | 64] INFO: Traveling Distance of Vehicle V_1 is  0.000, visited node list: 18
2023-11-05 19:36:33,973 [evaluator.py    | 64] INFO: Traveling Distance of Vehicle V_2 is  8.400, visited node list: 18
2023-11-05 19:36:33,981 [evaluator.py    | 64] INFO: Traveling Distance of Vehicle V_3 is  2.100, visited node list: 18
2023-11-05 19:36:33,981 [evaluator.py    | 64] INFO: Traveling Distance of Vehicle V_4 is  12.400, visited node list: 19
2023-11-05 19:36:33,981 [evaluator.py    | 64] INFO: Traveling Distance of Vehicle V_5 is  15.200, visited node list: 15
2023-11-05 19:36:33,982 [simulate_environment.py | 115] INFO: **************************************************
2023-11-05 19:36:33,982 [simulate_environment.py | 119] INFO: cur time: 2023-11-05 04:00:00, pre time: 2023-11-05 03:50:00
2023-11-05 19:36:33,982 [simulate_environment.py | 157] INFO: Start to update the input of 2023-11-05 04:00:00
2023-11-05 19:36:33,988 [simulate_environment.py | 184] INFO: Get 16 unallocated order items, 1 ongoing order items, 10 completed order items
2023-11-05 19:36:35,562 [simulate_environment.py | 273] INFO: 2023-11-05 04:00:00, Item 0020420004-1: state = 1 < 2, we can not finish the simulation
2023-11-05 19:36:35,562 [evaluator.py    | 64] INFO: Traveling Distance of Vehicle V_1 is  0.000, visited node list: 18
2023-11-05 19:36:35,566 [evaluator.py    | 64] INFO: Traveling Distance of Vehicle V_2 is  8.400, visited node list: 18
2023-11-05 19:36:35,566 [evaluator.py    | 64] INFO: Traveling Distance of Vehicle V_3 is  3.000, visited node list: 19
2023-11-05 19:36:35,566 [evaluator.py    | 64] INFO: Traveling Distance of Vehicle V_4 is  12.400, visited node list: 19
2023-11-05 19:36:35,567 [evaluator.py    | 64] INFO: Traveling Distance of Vehicle V_5 is  15.200, visited node list: 15
2023-11-05 19:36:35,567 [simulate_environment.py | 115] INFO: **************************************************
2023-11-05 19:36:35,567 [simulate_environment.py | 119] INFO: cur time: 2023-11-05 04:10:00, pre time: 2023-11-05 04:00:00
2023-11-05 19:36:35,568 [simulate_environment.py | 157] INFO: Start to update the input of 2023-11-05 04:10:00
2023-11-05 19:36:35,582 [simulate_environment.py | 184] INFO: Get 8 unallocated order items, 8 ongoing order items, 11 completed order items
