2023-11-03 10:59:27,876 [main.py         | 48] INFO: Start to run instance_10
2023-11-03 10:59:27,876 [simulate_api.py | 60] INFO: Start time of the simulator: 2023-11-03 00:00:00, time interval:  600.00
2023-11-03 10:59:27,890 [input_utils.py  | 47] INFO: Get 154 factories
2023-11-03 10:59:28,876 [input_utils.py  | 51] INFO: Get 23562 routes
2023-11-03 10:59:28,920 [input_utils.py  | 56] INFO: Get 5 vehicles
2023-11-03 10:59:28,939 [input_utils.py  | 60] INFO: Get 100 orders
2023-11-03 10:59:28,939 [simulate_api.py | 87] INFO: Initial position of V_1 is e2d5093fbe36431f8986ddb0e1c586be
2023-11-03 10:59:28,940 [simulate_api.py | 87] INFO: Initial position of V_2 is 7fe14b93f0f04ee7a994ef5b2c1fdb72
2023-11-03 10:59:28,940 [simulate_api.py | 87] INFO: Initial position of V_3 is fa366fc87a124d32926daa5bb093129f
2023-11-03 10:59:28,941 [simulate_api.py | 87] INFO: Initial position of V_4 is e47399648fa842b2b8f80094343d8091
2023-11-03 10:59:28,941 [simulate_api.py | 87] INFO: Initial position of V_5 is becb4f85393540b287e7329758b8d832
2023-11-03 10:59:28,942 [simulate_environment.py | 107] INFO: **************************************************
2023-11-03 10:59:28,942 [simulate_environment.py | 111] INFO: cur time: 2023-11-03 00:10:00, pre time: 2023-11-03 00:00:00
2023-11-03 10:59:28,942 [simulate_environment.py | 149] INFO: Start to update the input of 2023-11-03 00:10:00
2023-11-03 10:59:28,943 [simulate_environment.py | 176] INFO: Get 0 unallocated order items, 0 ongoing order items, 0 completed order items
2023-11-03 10:59:30,574 [simulate_environment.py | 262] INFO: 2023-11-03 00:10:00, Item 0010370001-1: state = 0 < 2, we can not finish the simulation
2023-11-03 10:59:30,575 [evaluator.py    | 61] INFO: Traveling Distance of Vehicle V_1 is  0.000, visited node list: 2
2023-11-03 10:59:30,575 [evaluator.py    | 61] INFO: Traveling Distance of Vehicle V_2 is  0.000, visited node list: 2
2023-11-03 10:59:30,576 [evaluator.py    | 61] INFO: Traveling Distance of Vehicle V_3 is  0.000, visited node list: 2
2023-11-03 10:59:30,576 [evaluator.py    | 61] INFO: Traveling Distance of Vehicle V_4 is  0.000, visited node list: 2
2023-11-03 10:59:30,576 [evaluator.py    | 61] INFO: Traveling Distance of Vehicle V_5 is  0.000, visited node list: 2
2023-11-03 10:59:30,576 [simulate_environment.py | 107] INFO: **************************************************
2023-11-03 10:59:30,577 [simulate_environment.py | 111] INFO: cur time: 2023-11-03 00:20:00, pre time: 2023-11-03 00:10:00
2023-11-03 10:59:30,577 [simulate_environment.py | 149] INFO: Start to update the input of 2023-11-03 00:20:00
2023-11-03 10:59:30,578 [simulate_environment.py | 176] INFO: Get 4 unallocated order items, 0 ongoing order items, 0 completed order items
2023-11-03 10:59:32,366 [simulate_environment.py | 262] INFO: 2023-11-03 00:20:00, Item 0010370001-1: state = 1 < 2, we can not finish the simulation
2023-11-03 10:59:32,367 [evaluator.py    | 61] INFO: Traveling Distance of Vehicle V_1 is  0.000, visited node list: 3
2023-11-03 10:59:32,367 [evaluator.py    | 61] INFO: Traveling Distance of Vehicle V_2 is  0.000, visited node list: 3
2023-11-03 10:59:32,368 [evaluator.py    | 61] INFO: Traveling Distance of Vehicle V_3 is  0.000, visited node list: 3
2023-11-03 10:59:32,368 [evaluator.py    | 61] INFO: Traveling Distance of Vehicle V_4 is  0.000, visited node list: 3
2023-11-03 10:59:32,368 [evaluator.py    | 61] INFO: Traveling Distance of Vehicle V_5 is  0.000, visited node list: 3
2023-11-03 10:59:32,369 [simulate_environment.py | 107] INFO: **************************************************
2023-11-03 10:59:32,369 [simulate_environment.py | 111] INFO: cur time: 2023-11-03 00:30:00, pre time: 2023-11-03 00:20:00
2023-11-03 10:59:32,369 [simulate_environment.py | 149] INFO: Start to update the input of 2023-11-03 00:30:00
2023-11-03 10:59:32,370 [simulate_environment.py | 176] INFO: Get 4 unallocated order items, 0 ongoing order items, 0 completed order items
2023-11-03 10:59:33,965 [simulate_environment.py | 262] INFO: 2023-11-03 00:30:00, Item 0010370001-1: state = 1 < 2, we can not finish the simulation
2023-11-03 10:59:33,965 [evaluator.py    | 61] INFO: Traveling Distance of Vehicle V_1 is  0.000, visited node list: 4
2023-11-03 10:59:33,966 [evaluator.py    | 61] INFO: Traveling Distance of Vehicle V_2 is  0.000, visited node list: 4
2023-11-03 10:59:33,966 [evaluator.py    | 61] INFO: Traveling Distance of Vehicle V_3 is  0.000, visited node list: 4
2023-11-03 10:59:33,967 [evaluator.py    | 61] INFO: Traveling Distance of Vehicle V_4 is  0.000, visited node list: 4
2023-11-03 10:59:33,967 [evaluator.py    | 61] INFO: Traveling Distance of Vehicle V_5 is  0.000, visited node list: 4
2023-11-03 10:59:33,967 [simulate_environment.py | 107] INFO: **************************************************
2023-11-03 10:59:33,968 [simulate_environment.py | 111] INFO: cur time: 2023-11-03 00:40:00, pre time: 2023-11-03 00:30:00
2023-11-03 10:59:33,968 [simulate_environment.py | 149] INFO: Start to update the input of 2023-11-03 00:40:00
2023-11-03 10:59:33,969 [simulate_environment.py | 176] INFO: Get 4 unallocated order items, 0 ongoing order items, 0 completed order items
2023-11-03 10:59:35,543 [simulate_environment.py | 262] INFO: 2023-11-03 00:40:00, Item 0010370001-1: state = 1 < 2, we can not finish the simulation
2023-11-03 10:59:35,543 [evaluator.py    | 61] INFO: Traveling Distance of Vehicle V_1 is  0.000, visited node list: 5
2023-11-03 10:59:35,543 [evaluator.py    | 61] INFO: Traveling Distance of Vehicle V_2 is  0.000, visited node list: 5
2023-11-03 10:59:35,544 [evaluator.py    | 61] INFO: Traveling Distance of Vehicle V_3 is  0.000, visited node list: 5
2023-11-03 10:59:35,544 [evaluator.py    | 61] INFO: Traveling Distance of Vehicle V_4 is  0.000, visited node list: 5
2023-11-03 10:59:35,544 [evaluator.py    | 61] INFO: Traveling Distance of Vehicle V_5 is  0.000, visited node list: 5
2023-11-03 10:59:35,545 [simulate_environment.py | 107] INFO: **************************************************
2023-11-03 10:59:35,546 [simulate_environment.py | 111] INFO: cur time: 2023-11-03 00:50:00, pre time: 2023-11-03 00:40:00
2023-11-03 10:59:35,546 [simulate_environment.py | 149] INFO: Start to update the input of 2023-11-03 00:50:00
2023-11-03 10:59:35,547 [simulate_environment.py | 176] INFO: Get 4 unallocated order items, 0 ongoing order items, 0 completed order items
2023-11-03 10:59:37,136 [simulate_environment.py | 262] INFO: 2023-11-03 00:50:00, Item 0010370001-1: state = 1 < 2, we can not finish the simulation
2023-11-03 10:59:37,137 [evaluator.py    | 61] INFO: Traveling Distance of Vehicle V_1 is  0.000, visited node list: 6
2023-11-03 10:59:37,137 [evaluator.py    | 61] INFO: Traveling Distance of Vehicle V_2 is  0.000, visited node list: 6
2023-11-03 10:59:37,137 [evaluator.py    | 61] INFO: Traveling Distance of Vehicle V_3 is  0.000, visited node list: 6
2023-11-03 10:59:37,137 [evaluator.py    | 61] INFO: Traveling Distance of Vehicle V_4 is  0.000, visited node list: 6
2023-11-03 10:59:37,138 [evaluator.py    | 61] INFO: Traveling Distance of Vehicle V_5 is  0.000, visited node list: 6
2023-11-03 10:59:37,138 [simulate_environment.py | 107] INFO: **************************************************
2023-11-03 10:59:37,138 [simulate_environment.py | 111] INFO: cur time: 2023-11-03 01:00:00, pre time: 2023-11-03 00:50:00
2023-11-03 10:59:37,139 [simulate_environment.py | 149] INFO: Start to update the input of 2023-11-03 01:00:00
2023-11-03 10:59:37,140 [simulate_environment.py | 176] INFO: Get 4 unallocated order items, 0 ongoing order items, 0 completed order items
2023-11-03 10:59:38,745 [simulate_environment.py | 262] INFO: 2023-11-03 01:00:00, Item 0010370001-1: state = 1 < 2, we can not finish the simulation
2023-11-03 10:59:38,745 [evaluator.py    | 61] INFO: Traveling Distance of Vehicle V_1 is  0.000, visited node list: 7
2023-11-03 10:59:38,746 [evaluator.py    | 61] INFO: Traveling Distance of Vehicle V_2 is  0.000, visited node list: 7
2023-11-03 10:59:38,746 [evaluator.py    | 61] INFO: Traveling Distance of Vehicle V_3 is  0.000, visited node list: 7
2023-11-03 10:59:38,747 [evaluator.py    | 61] INFO: Traveling Distance of Vehicle V_4 is  0.000, visited node list: 7
2023-11-03 10:59:38,747 [evaluator.py    | 61] INFO: Traveling Distance of Vehicle V_5 is  0.000, visited node list: 7
2023-11-03 10:59:38,747 [simulate_environment.py | 107] INFO: **************************************************
2023-11-03 10:59:38,748 [simulate_environment.py | 111] INFO: cur time: 2023-11-03 01:10:00, pre time: 2023-11-03 01:00:00
2023-11-03 10:59:38,748 [simulate_environment.py | 149] INFO: Start to update the input of 2023-11-03 01:10:00
2023-11-03 10:59:38,749 [simulate_environment.py | 176] INFO: Get 4 unallocated order items, 0 ongoing order items, 0 completed order items
2023-11-03 10:59:40,359 [simulate_environment.py | 262] INFO: 2023-11-03 01:10:00, Item 0010370001-1: state = 1 < 2, we can not finish the simulation
2023-11-03 10:59:40,359 [evaluator.py    | 61] INFO: Traveling Distance of Vehicle V_1 is  0.000, visited node list: 8
2023-11-03 10:59:40,360 [evaluator.py    | 61] INFO: Traveling Distance of Vehicle V_2 is  0.000, visited node list: 8
2023-11-03 10:59:40,360 [evaluator.py    | 61] INFO: Traveling Distance of Vehicle V_3 is  0.000, visited node list: 8
2023-11-03 10:59:40,360 [evaluator.py    | 61] INFO: Traveling Distance of Vehicle V_4 is  0.000, visited node list: 8
2023-11-03 10:59:40,361 [evaluator.py    | 61] INFO: Traveling Distance of Vehicle V_5 is  0.000, visited node list: 8
2023-11-03 10:59:40,361 [simulate_environment.py | 107] INFO: **************************************************
2023-11-03 10:59:40,361 [simulate_environment.py | 111] INFO: cur time: 2023-11-03 01:20:00, pre time: 2023-11-03 01:10:00
2023-11-03 10:59:40,362 [simulate_environment.py | 149] INFO: Start to update the input of 2023-11-03 01:20:00
2023-11-03 10:59:40,363 [simulate_environment.py | 176] INFO: Get 4 unallocated order items, 0 ongoing order items, 0 completed order items
2023-11-03 10:59:41,977 [simulate_environment.py | 262] INFO: 2023-11-03 01:20:00, Item 0010370001-1: state = 1 < 2, we can not finish the simulation
2023-11-03 10:59:41,977 [evaluator.py    | 61] INFO: Traveling Distance of Vehicle V_1 is  0.000, visited node list: 9
2023-11-03 10:59:41,979 [evaluator.py    | 61] INFO: Traveling Distance of Vehicle V_2 is  0.000, visited node list: 9
2023-11-03 10:59:41,979 [evaluator.py    | 61] INFO: Traveling Distance of Vehicle V_3 is  0.000, visited node list: 9
2023-11-03 10:59:41,979 [evaluator.py    | 61] INFO: Traveling Distance of Vehicle V_4 is  0.000, visited node list: 9
2023-11-03 10:59:41,980 [evaluator.py    | 61] INFO: Traveling Distance of Vehicle V_5 is  0.000, visited node list: 9
2023-11-03 10:59:41,980 [simulate_environment.py | 107] INFO: **************************************************
2023-11-03 10:59:41,980 [simulate_environment.py | 111] INFO: cur time: 2023-11-03 01:30:00, pre time: 2023-11-03 01:20:00
2023-11-03 10:59:41,981 [simulate_environment.py | 149] INFO: Start to update the input of 2023-11-03 01:30:00
2023-11-03 10:59:41,981 [simulate_environment.py | 176] INFO: Get 4 unallocated order items, 0 ongoing order items, 0 completed order items
2023-11-03 10:59:43,584 [simulate_environment.py | 262] INFO: 2023-11-03 01:30:00, Item 0010370001-1: state = 1 < 2, we can not finish the simulation
2023-11-03 10:59:43,584 [evaluator.py    | 61] INFO: Traveling Distance of Vehicle V_1 is  0.000, visited node list: 10
2023-11-03 10:59:43,585 [evaluator.py    | 61] INFO: Traveling Distance of Vehicle V_2 is  0.000, visited node list: 10
2023-11-03 10:59:43,585 [evaluator.py    | 61] INFO: Traveling Distance of Vehicle V_3 is  0.000, visited node list: 10
2023-11-03 10:59:43,586 [evaluator.py    | 61] INFO: Traveling Distance of Vehicle V_4 is  0.000, visited node list: 10
2023-11-03 10:59:43,586 [evaluator.py    | 61] INFO: Traveling Distance of Vehicle V_5 is  0.000, visited node list: 10
2023-11-03 10:59:43,586 [simulate_environment.py | 107] INFO: **************************************************
2023-11-03 10:59:43,587 [simulate_environment.py | 111] INFO: cur time: 2023-11-03 01:40:00, pre time: 2023-11-03 01:30:00
2023-11-03 10:59:43,587 [simulate_environment.py | 149] INFO: Start to update the input of 2023-11-03 01:40:00
2023-11-03 10:59:43,588 [simulate_environment.py | 176] INFO: Get 4 unallocated order items, 0 ongoing order items, 0 completed order items
2023-11-03 10:59:45,209 [simulate_environment.py | 262] INFO: 2023-11-03 01:40:00, Item 0010370001-1: state = 1 < 2, we can not finish the simulation
2023-11-03 10:59:45,209 [evaluator.py    | 61] INFO: Traveling Distance of Vehicle V_1 is  0.000, visited node list: 11
2023-11-03 10:59:45,210 [evaluator.py    | 61] INFO: Traveling Distance of Vehicle V_2 is  0.000, visited node list: 11
2023-11-03 10:59:45,210 [evaluator.py    | 61] INFO: Traveling Distance of Vehicle V_3 is  0.000, visited node list: 11
2023-11-03 10:59:45,210 [evaluator.py    | 61] INFO: Traveling Distance of Vehicle V_4 is  0.000, visited node list: 11
2023-11-03 10:59:45,211 [evaluator.py    | 61] INFO: Traveling Distance of Vehicle V_5 is  0.000, visited node list: 11
2023-11-03 10:59:45,211 [simulate_environment.py | 107] INFO: **************************************************
2023-11-03 10:59:45,211 [simulate_environment.py | 111] INFO: cur time: 2023-11-03 01:50:00, pre time: 2023-11-03 01:40:00
2023-11-03 10:59:45,211 [simulate_environment.py | 149] INFO: Start to update the input of 2023-11-03 01:50:00
2023-11-03 10:59:45,213 [simulate_environment.py | 176] INFO: Get 4 unallocated order items, 0 ongoing order items, 0 completed order items
2023-11-03 10:59:46,812 [simulate_environment.py | 262] INFO: 2023-11-03 01:50:00, Item 0010370001-1: state = 1 < 2, we can not finish the simulation
2023-11-03 10:59:46,812 [evaluator.py    | 61] INFO: Traveling Distance of Vehicle V_1 is  0.000, visited node list: 12
2023-11-03 10:59:46,812 [evaluator.py    | 61] INFO: Traveling Distance of Vehicle V_2 is  0.000, visited node list: 12
2023-11-03 10:59:46,813 [evaluator.py    | 61] INFO: Traveling Distance of Vehicle V_3 is  0.000, visited node list: 12
2023-11-03 10:59:46,813 [evaluator.py    | 61] INFO: Traveling Distance of Vehicle V_4 is  0.000, visited node list: 12
2023-11-03 10:59:46,814 [evaluator.py    | 61] INFO: Traveling Distance of Vehicle V_5 is  0.000, visited node list: 12
2023-11-03 10:59:46,814 [simulate_environment.py | 107] INFO: **************************************************
2023-11-03 10:59:46,815 [simulate_environment.py | 111] INFO: cur time: 2023-11-03 02:00:00, pre time: 2023-11-03 01:50:00
2023-11-03 10:59:46,815 [simulate_environment.py | 149] INFO: Start to update the input of 2023-11-03 02:00:00
2023-11-03 10:59:46,816 [simulate_environment.py | 176] INFO: Get 4 unallocated order items, 0 ongoing order items, 0 completed order items
2023-11-03 10:59:48,443 [simulate_environment.py | 262] INFO: 2023-11-03 02:00:00, Item 0010370001-1: state = 1 < 2, we can not finish the simulation
2023-11-03 10:59:48,444 [evaluator.py    | 61] INFO: Traveling Distance of Vehicle V_1 is  0.000, visited node list: 13
2023-11-03 10:59:48,444 [evaluator.py    | 61] INFO: Traveling Distance of Vehicle V_2 is  0.000, visited node list: 13
2023-11-03 10:59:48,445 [evaluator.py    | 61] INFO: Traveling Distance of Vehicle V_3 is  0.000, visited node list: 13
2023-11-03 10:59:48,445 [evaluator.py    | 61] INFO: Traveling Distance of Vehicle V_4 is  0.000, visited node list: 13
2023-11-03 10:59:48,445 [evaluator.py    | 61] INFO: Traveling Distance of Vehicle V_5 is  0.000, visited node list: 13
2023-11-03 10:59:48,446 [simulate_environment.py | 107] INFO: **************************************************
2023-11-03 10:59:48,446 [simulate_environment.py | 111] INFO: cur time: 2023-11-03 02:10:00, pre time: 2023-11-03 02:00:00
2023-11-03 10:59:48,446 [simulate_environment.py | 149] INFO: Start to update the input of 2023-11-03 02:10:00
2023-11-03 10:59:48,447 [simulate_environment.py | 176] INFO: Get 4 unallocated order items, 0 ongoing order items, 0 completed order items
2023-11-03 10:59:50,056 [simulate_environment.py | 262] INFO: 2023-11-03 02:10:00, Item 0010370001-1: state = 1 < 2, we can not finish the simulation
2023-11-03 10:59:50,056 [evaluator.py    | 61] INFO: Traveling Distance of Vehicle V_1 is  0.000, visited node list: 14
2023-11-03 10:59:50,057 [evaluator.py    | 61] INFO: Traveling Distance of Vehicle V_2 is  0.000, visited node list: 14
2023-11-03 10:59:50,057 [evaluator.py    | 61] INFO: Traveling Distance of Vehicle V_3 is  0.000, visited node list: 14
2023-11-03 10:59:50,057 [evaluator.py    | 61] INFO: Traveling Distance of Vehicle V_4 is  0.000, visited node list: 14
2023-11-03 10:59:50,058 [evaluator.py    | 61] INFO: Traveling Distance of Vehicle V_5 is  0.000, visited node list: 14
2023-11-03 10:59:50,058 [simulate_environment.py | 107] INFO: **************************************************
2023-11-03 10:59:50,058 [simulate_environment.py | 111] INFO: cur time: 2023-11-03 02:20:00, pre time: 2023-11-03 02:10:00
2023-11-03 10:59:50,059 [simulate_environment.py | 149] INFO: Start to update the input of 2023-11-03 02:20:00
2023-11-03 10:59:50,060 [simulate_environment.py | 176] INFO: Get 4 unallocated order items, 0 ongoing order items, 0 completed order items
2023-11-03 10:59:51,664 [simulate_environment.py | 262] INFO: 2023-11-03 02:20:00, Item 0010370001-1: state = 1 < 2, we can not finish the simulation
2023-11-03 10:59:51,664 [evaluator.py    | 61] INFO: Traveling Distance of Vehicle V_1 is  0.000, visited node list: 15
2023-11-03 10:59:51,665 [evaluator.py    | 61] INFO: Traveling Distance of Vehicle V_2 is  0.000, visited node list: 15
2023-11-03 10:59:51,665 [evaluator.py    | 61] INFO: Traveling Distance of Vehicle V_3 is  0.000, visited node list: 15
2023-11-03 10:59:51,666 [evaluator.py    | 61] INFO: Traveling Distance of Vehicle V_4 is  0.000, visited node list: 15
2023-11-03 10:59:51,666 [evaluator.py    | 61] INFO: Traveling Distance of Vehicle V_5 is  0.000, visited node list: 15
2023-11-03 10:59:51,666 [simulate_environment.py | 107] INFO: **************************************************
2023-11-03 10:59:51,667 [simulate_environment.py | 111] INFO: cur time: 2023-11-03 02:30:00, pre time: 2023-11-03 02:20:00
2023-11-03 10:59:51,667 [simulate_environment.py | 149] INFO: Start to update the input of 2023-11-03 02:30:00
2023-11-03 10:59:51,668 [simulate_environment.py | 176] INFO: Get 5 unallocated order items, 0 ongoing order items, 0 completed order items
2023-11-03 10:59:53,293 [simulate_environment.py | 262] INFO: 2023-11-03 02:30:00, Item 0010370001-1: state = 1 < 2, we can not finish the simulation
2023-11-03 10:59:53,293 [evaluator.py    | 61] INFO: Traveling Distance of Vehicle V_1 is  0.000, visited node list: 16
2023-11-03 10:59:53,293 [evaluator.py    | 61] INFO: Traveling Distance of Vehicle V_2 is  0.000, visited node list: 16
2023-11-03 10:59:53,294 [evaluator.py    | 61] INFO: Traveling Distance of Vehicle V_3 is  0.000, visited node list: 16
2023-11-03 10:59:53,294 [evaluator.py    | 61] INFO: Traveling Distance of Vehicle V_4 is  0.000, visited node list: 16
2023-11-03 10:59:53,294 [evaluator.py    | 61] INFO: Traveling Distance of Vehicle V_5 is  0.000, visited node list: 16
2023-11-03 10:59:53,295 [simulate_environment.py | 107] INFO: **************************************************
2023-11-03 10:59:53,295 [simulate_environment.py | 111] INFO: cur time: 2023-11-03 02:40:00, pre time: 2023-11-03 02:30:00
2023-11-03 10:59:53,295 [simulate_environment.py | 149] INFO: Start to update the input of 2023-11-03 02:40:00
2023-11-03 10:59:53,296 [simulate_environment.py | 176] INFO: Get 5 unallocated order items, 0 ongoing order items, 0 completed order items
2023-11-03 10:59:54,893 [simulate_environment.py | 262] INFO: 2023-11-03 02:40:00, Item 0010370001-1: state = 1 < 2, we can not finish the simulation
2023-11-03 10:59:54,893 [evaluator.py    | 61] INFO: Traveling Distance of Vehicle V_1 is  0.000, visited node list: 17
2023-11-03 10:59:54,894 [evaluator.py    | 61] INFO: Traveling Distance of Vehicle V_2 is  0.000, visited node list: 17
2023-11-03 10:59:54,894 [evaluator.py    | 61] INFO: Traveling Distance of Vehicle V_3 is  0.000, visited node list: 17
2023-11-03 10:59:54,894 [evaluator.py    | 61] INFO: Traveling Distance of Vehicle V_4 is  0.000, visited node list: 17
2023-11-03 10:59:54,895 [evaluator.py    | 61] INFO: Traveling Distance of Vehicle V_5 is  0.000, visited node list: 17
2023-11-03 10:59:54,895 [simulate_environment.py | 107] INFO: **************************************************
2023-11-03 10:59:54,895 [simulate_environment.py | 111] INFO: cur time: 2023-11-03 02:50:00, pre time: 2023-11-03 02:40:00
2023-11-03 10:59:54,895 [simulate_environment.py | 149] INFO: Start to update the input of 2023-11-03 02:50:00
2023-11-03 10:59:54,897 [simulate_environment.py | 176] INFO: Get 5 unallocated order items, 0 ongoing order items, 0 completed order items
2023-11-03 10:59:56,512 [simulate_environment.py | 262] INFO: 2023-11-03 02:50:00, Item 0010370001-1: state = 1 < 2, we can not finish the simulation
2023-11-03 10:59:56,513 [evaluator.py    | 61] INFO: Traveling Distance of Vehicle V_1 is  0.000, visited node list: 18
2023-11-03 10:59:56,513 [evaluator.py    | 61] INFO: Traveling Distance of Vehicle V_2 is  0.000, visited node list: 18
2023-11-03 10:59:56,514 [evaluator.py    | 61] INFO: Traveling Distance of Vehicle V_3 is  0.000, visited node list: 18
2023-11-03 10:59:56,514 [evaluator.py    | 61] INFO: Traveling Distance of Vehicle V_4 is  0.000, visited node list: 18
2023-11-03 10:59:56,514 [evaluator.py    | 61] INFO: Traveling Distance of Vehicle V_5 is  0.000, visited node list: 18
2023-11-03 10:59:56,515 [simulate_environment.py | 107] INFO: **************************************************
2023-11-03 10:59:56,515 [simulate_environment.py | 111] INFO: cur time: 2023-11-03 03:00:00, pre time: 2023-11-03 02:50:00
2023-11-03 10:59:56,515 [simulate_environment.py | 149] INFO: Start to update the input of 2023-11-03 03:00:00
2023-11-03 10:59:56,520 [simulate_environment.py | 176] INFO: Get 2 unallocated order items, 3 ongoing order items, 0 completed order items
2023-11-03 10:59:58,131 [simulate_environment.py | 262] INFO: 2023-11-03 03:00:00, Item 0010370001-1: state = 1 < 2, we can not finish the simulation
2023-11-03 10:59:58,131 [evaluator.py    | 61] INFO: Traveling Distance of Vehicle V_1 is  0.000, visited node list: 19
2023-11-03 10:59:58,131 [evaluator.py    | 61] INFO: Traveling Distance of Vehicle V_2 is  0.000, visited node list: 19
2023-11-03 10:59:58,132 [evaluator.py    | 61] INFO: Traveling Distance of Vehicle V_3 is  0.000, visited node list: 19
2023-11-03 10:59:58,132 [evaluator.py    | 61] INFO: Traveling Distance of Vehicle V_4 is  0.000, visited node list: 19
2023-11-03 10:59:58,132 [evaluator.py    | 61] INFO: Traveling Distance of Vehicle V_5 is  0.000, visited node list: 19
2023-11-03 10:59:58,132 [simulate_environment.py | 107] INFO: **************************************************
2023-11-03 10:59:58,133 [simulate_environment.py | 111] INFO: cur time: 2023-11-03 03:10:00, pre time: 2023-11-03 03:00:00
2023-11-03 10:59:58,133 [simulate_environment.py | 149] INFO: Start to update the input of 2023-11-03 03:10:00
2023-11-03 10:59:58,145 [simulate_environment.py | 176] INFO: Get 24 unallocated order items, 4 ongoing order items, 0 completed order items
2023-11-03 10:59:59,775 [simulate_environment.py | 262] INFO: 2023-11-03 03:10:00, Item 0221280003-1: state = 1 < 2, we can not finish the simulation
2023-11-03 10:59:59,776 [evaluator.py    | 61] INFO: Traveling Distance of Vehicle V_1 is  0.000, visited node list: 20
2023-11-03 10:59:59,776 [evaluator.py    | 61] INFO: Traveling Distance of Vehicle V_2 is  0.000, visited node list: 20
2023-11-03 10:59:59,776 [evaluator.py    | 61] INFO: Traveling Distance of Vehicle V_3 is  0.000, visited node list: 20
2023-11-03 10:59:59,777 [evaluator.py    | 61] INFO: Traveling Distance of Vehicle V_4 is  0.000, visited node list: 20
2023-11-03 10:59:59,777 [evaluator.py    | 61] INFO: Traveling Distance of Vehicle V_5 is  0.000, visited node list: 19
2023-11-03 10:59:59,777 [simulate_environment.py | 107] INFO: **************************************************
2023-11-03 10:59:59,777 [simulate_environment.py | 111] INFO: cur time: 2023-11-03 03:20:00, pre time: 2023-11-03 03:10:00
2023-11-03 10:59:59,778 [simulate_environment.py | 149] INFO: Start to update the input of 2023-11-03 03:20:00
2023-11-03 10:59:59,786 [simulate_environment.py | 176] INFO: Get 40 unallocated order items, 4 ongoing order items, 0 completed order items
2023-11-03 11:00:01,411 [simulate_environment.py | 262] INFO: 2023-11-03 03:20:00, Item 0221280003-1: state = 1 < 2, we can not finish the simulation
2023-11-03 11:00:01,411 [evaluator.py    | 61] INFO: Traveling Distance of Vehicle V_1 is  0.000, visited node list: 21
2023-11-03 11:00:01,411 [evaluator.py    | 61] INFO: Traveling Distance of Vehicle V_2 is  0.000, visited node list: 21
2023-11-03 11:00:01,412 [evaluator.py    | 61] INFO: Traveling Distance of Vehicle V_3 is  0.000, visited node list: 20
2023-11-03 11:00:01,412 [evaluator.py    | 61] INFO: Traveling Distance of Vehicle V_4 is  0.000, visited node list: 21
2023-11-03 11:00:01,412 [evaluator.py    | 61] INFO: Traveling Distance of Vehicle V_5 is  0.000, visited node list: 19
2023-11-03 11:00:01,413 [simulate_environment.py | 107] INFO: **************************************************
2023-11-03 11:00:01,413 [simulate_environment.py | 111] INFO: cur time: 2023-11-03 03:30:00, pre time: 2023-11-03 03:20:00
2023-11-03 11:00:01,413 [simulate_environment.py | 149] INFO: Start to update the input of 2023-11-03 03:30:00
2023-11-03 11:00:01,426 [simulate_environment.py | 176] INFO: Get 28 unallocated order items, 19 ongoing order items, 0 completed order items
2023-11-03 11:00:03,063 [simulate_environment.py | 262] INFO: 2023-11-03 03:30:00, Item 0221280003-1: state = 1 < 2, we can not finish the simulation
2023-11-03 11:00:03,064 [evaluator.py    | 61] INFO: Traveling Distance of Vehicle V_1 is  0.000, visited node list: 22
2023-11-03 11:00:03,064 [evaluator.py    | 61] INFO: Traveling Distance of Vehicle V_2 is  0.000, visited node list: 21
2023-11-03 11:00:03,064 [evaluator.py    | 61] INFO: Traveling Distance of Vehicle V_3 is  0.000, visited node list: 20
2023-11-03 11:00:03,065 [evaluator.py    | 61] INFO: Traveling Distance of Vehicle V_4 is  0.000, visited node list: 22
2023-11-03 11:00:03,065 [evaluator.py    | 61] INFO: Traveling Distance of Vehicle V_5 is  0.800, visited node list: 20
2023-11-03 11:00:03,065 [simulate_environment.py | 107] INFO: **************************************************
2023-11-03 11:00:03,066 [simulate_environment.py | 111] INFO: cur time: 2023-11-03 03:40:00, pre time: 2023-11-03 03:30:00
2023-11-03 11:00:03,066 [simulate_environment.py | 149] INFO: Start to update the input of 2023-11-03 03:40:00
2023-11-03 11:00:03,067 [simulate_environment.py | 176] INFO: Get 28 unallocated order items, 15 ongoing order items, 4 completed order items
2023-11-03 11:00:04,687 [simulate_environment.py | 262] INFO: 2023-11-03 03:40:00, Item 0221280003-1: state = 1 < 2, we can not finish the simulation
2023-11-03 11:00:04,687 [evaluator.py    | 61] INFO: Traveling Distance of Vehicle V_1 is  0.000, visited node list: 23
2023-11-03 11:00:04,688 [evaluator.py    | 61] INFO: Traveling Distance of Vehicle V_2 is  0.000, visited node list: 21
2023-11-03 11:00:04,688 [evaluator.py    | 61] INFO: Traveling Distance of Vehicle V_3 is  0.300, visited node list: 21
2023-11-03 11:00:04,688 [evaluator.py    | 61] INFO: Traveling Distance of Vehicle V_4 is  0.000, visited node list: 22
2023-11-03 11:00:04,689 [evaluator.py    | 61] INFO: Traveling Distance of Vehicle V_5 is  0.800, visited node list: 20
2023-11-03 11:00:04,689 [simulate_environment.py | 107] INFO: **************************************************
2023-11-03 11:00:04,690 [simulate_environment.py | 111] INFO: cur time: 2023-11-03 03:50:00, pre time: 2023-11-03 03:40:00
2023-11-03 11:00:04,690 [simulate_environment.py | 149] INFO: Start to update the input of 2023-11-03 03:50:00
2023-11-03 11:00:04,692 [simulate_environment.py | 176] INFO: Get 13 unallocated order items, 31 ongoing order items, 4 completed order items
2023-11-03 11:00:06,324 [simulate_environment.py | 262] INFO: 2023-11-03 03:50:00, Item 0221280003-1: state = 1 < 2, we can not finish the simulation
2023-11-03 11:00:06,325 [evaluator.py    | 61] INFO: Traveling Distance of Vehicle V_1 is  0.000, visited node list: 23
2023-11-03 11:00:06,325 [evaluator.py    | 61] INFO: Traveling Distance of Vehicle V_2 is  0.000, visited node list: 21
2023-11-03 11:00:06,325 [evaluator.py    | 61] INFO: Traveling Distance of Vehicle V_3 is  0.300, visited node list: 21
2023-11-03 11:00:06,326 [evaluator.py    | 61] INFO: Traveling Distance of Vehicle V_4 is  0.000, visited node list: 22
2023-11-03 11:00:06,326 [evaluator.py    | 61] INFO: Traveling Distance of Vehicle V_5 is  0.800, visited node list: 20
2023-11-03 11:00:06,326 [simulate_environment.py | 107] INFO: **************************************************
2023-11-03 11:00:06,327 [simulate_environment.py | 111] INFO: cur time: 2023-11-03 04:00:00, pre time: 2023-11-03 03:50:00
2023-11-03 11:00:06,327 [simulate_environment.py | 149] INFO: Start to update the input of 2023-11-03 04:00:00
2023-11-03 11:00:06,332 [simulate_environment.py | 176] INFO: Get 13 unallocated order items, 31 ongoing order items, 4 completed order items
2023-11-03 11:00:07,962 [simulate_environment.py | 262] INFO: 2023-11-03 04:00:00, Item 0221280003-1: state = 1 < 2, we can not finish the simulation
2023-11-03 11:00:07,963 [evaluator.py    | 61] INFO: Traveling Distance of Vehicle V_1 is  0.000, visited node list: 23
2023-11-03 11:00:07,963 [evaluator.py    | 61] INFO: Traveling Distance of Vehicle V_2 is  0.000, visited node list: 21
2023-11-03 11:00:07,964 [evaluator.py    | 61] INFO: Traveling Distance of Vehicle V_3 is  0.300, visited node list: 21
2023-11-03 11:00:07,964 [evaluator.py    | 61] INFO: Traveling Distance of Vehicle V_4 is  0.000, visited node list: 22
2023-11-03 11:00:07,965 [evaluator.py    | 61] INFO: Traveling Distance of Vehicle V_5 is  0.800, visited node list: 20
2023-11-03 11:00:07,965 [simulate_environment.py | 107] INFO: **************************************************
2023-11-03 11:00:07,965 [simulate_environment.py | 111] INFO: cur time: 2023-11-03 04:10:00, pre time: 2023-11-03 04:00:00
2023-11-03 11:00:07,966 [simulate_environment.py | 149] INFO: Start to update the input of 2023-11-03 04:10:00
2023-11-03 11:00:07,973 [simulate_environment.py | 176] INFO: Get 14 unallocated order items, 31 ongoing order items, 4 completed order items
2023-11-03 11:00:09,581 [simulate_environment.py | 262] INFO: 2023-11-03 04:10:00, Item 0221280003-1: state = 1 < 2, we can not finish the simulation
2023-11-03 11:00:09,582 [evaluator.py    | 61] INFO: Traveling Distance of Vehicle V_1 is  0.000, visited node list: 23
2023-11-03 11:00:09,582 [evaluator.py    | 61] INFO: Traveling Distance of Vehicle V_2 is  0.000, visited node list: 21
2023-11-03 11:00:09,582 [evaluator.py    | 61] INFO: Traveling Distance of Vehicle V_3 is  2.600, visited node list: 22
2023-11-03 11:00:09,583 [evaluator.py    | 61] INFO: Traveling Distance of Vehicle V_4 is  0.000, visited node list: 22
2023-11-03 11:00:09,583 [evaluator.py    | 61] INFO: Traveling Distance of Vehicle V_5 is  1.800, visited node list: 21
2023-11-03 11:00:09,584 [simulate_environment.py | 107] INFO: **************************************************
2023-11-03 11:00:09,584 [simulate_environment.py | 111] INFO: cur time: 2023-11-03 04:20:00, pre time: 2023-11-03 04:10:00
2023-11-03 11:00:09,584 [simulate_environment.py | 149] INFO: Start to update the input of 2023-11-03 04:20:00
2023-11-03 11:00:09,598 [simulate_environment.py | 176] INFO: Get 15 unallocated order items, 31 ongoing order items, 4 completed order items
2023-11-03 11:00:11,235 [simulate_environment.py | 262] INFO: 2023-11-03 04:20:00, Item 0221280003-1: state = 1 < 2, we can not finish the simulation
2023-11-03 11:00:11,236 [evaluator.py    | 61] INFO: Traveling Distance of Vehicle V_1 is  0.000, visited node list: 23
2023-11-03 11:00:11,237 [evaluator.py    | 61] INFO: Traveling Distance of Vehicle V_2 is  0.000, visited node list: 21
2023-11-03 11:00:11,238 [evaluator.py    | 61] INFO: Traveling Distance of Vehicle V_3 is  2.600, visited node list: 23
2023-11-03 11:00:11,238 [evaluator.py    | 61] INFO: Traveling Distance of Vehicle V_4 is  0.000, visited node list: 22
2023-11-03 11:00:11,238 [evaluator.py    | 61] INFO: Traveling Distance of Vehicle V_5 is  1.800, visited node list: 22
2023-11-03 11:00:11,239 [simulate_environment.py | 107] INFO: **************************************************
2023-11-03 11:00:11,239 [simulate_environment.py | 111] INFO: cur time: 2023-11-03 04:30:00, pre time: 2023-11-03 04:20:00
2023-11-03 11:00:11,239 [simulate_environment.py | 149] INFO: Start to update the input of 2023-11-03 04:30:00
2023-11-03 11:00:11,254 [simulate_environment.py | 176] INFO: Get 16 unallocated order items, 31 ongoing order items, 4 completed order items
